-4.00683 -4.00596
-3.6535 -3.65291
-4.07252 -4.07098
-3.99228 -3.99264
-3.89795 -3.89486
-3.8912 -3.8919
-4.11982 -4.12201
-3.63787 -3.63916
-3.7884 -3.78989
-3.67117 -3.66944
-3.67359 -3.6705
-3.68152 -3.68225
-3.65758 -3.65786
-4.10229 -4.10477
-3.91931 -3.91745
-3.92951 -3.93004
-4.09894 -4.09615
-3.64021 -3.6323
-4.04081 -4.04411
-4.09558 -4.09803
-4.04134 -4.04318
-3.88604 -3.8839
-3.98741 -3.98294
-3.96349 -3.96281
-3.99245 -3.995
-4.0269 -4.03115
-4.05616 -4.0529
-4.12143 -4.12032
-3.9634 -3.96325
-3.93094 -3.93295
-4.10563 -4.10823
-4.07835 -4.0772
-3.91785 -3.91622
-3.63803 -3.63785
-4.13107 -4.13187
-3.94327 -3.94029
-3.63108 -3.62698
-3.81668 -3.81427
-3.77902 -3.78035
-4.06958 -4.06773
-3.93319 -3.93319
-3.99669 -3.99608
-3.68566 -3.68821
-4.05328 -4.05833
-3.65007 -3.64782
-3.69454 -3.70002
-4.10892 -4.10755
-4.11561 -4.11626
-3.67063 -3.66891
-3.96954 -3.96757
-3.95181 -3.9474
-3.66299 -3.66431
-3.65606 -3.65624
-3.6714 -3.66963
-3.93103 -3.93035
-3.98928 -3.98841
-3.68774 -3.6864
-4.06338 -4.06729
-3.66936 -3.6684
-4.01381 -4.01009
-3.67164 -3.67272
-4.04377 -4.05023
-3.68334 -3.68865
-3.90465 -3.90157
-3.98984 -3.98744
-3.98292 -3.98504
-3.68997 -3.6894
-3.68577 -3.68947
-3.84738 -3.8455
-4.00466 -4.0011
-3.98372 -3.98118
-3.97557 -3.97639
-3.95727 -3.95578
-3.99469 -3.99006
-3.64291 -3.63599
-3.64542 -3.6463
-3.65477 -3.65513
-4.07203 -4.06995
-4.05242 -4.04861
-4.11611 -4.11468
-3.94668 -3.94661
-3.92409 -3.92402
-3.67897 -3.67888
-3.9313 -3.92936
-4.02485 -4.0224
-3.99641 -4.00023
-3.68239 -3.68177
-3.99695 -3.99698
-3.94767 -3.94788
-3.93049 -3.93209
-3.93868 -3.93913
-3.9919 -3.99159
-3.95018 -3.95318
-4.0442 -4.04762
-4.10836 -4.10725
-3.95303 -3.95077
-4.02717 -4.02947
-3.67731 -3.68434
-4.02601 -4.03115
-3.6478 -3.64637
-4.02938 -4.02704
-3.93378 -3.93073
-4.07537 -4.07174
-3.96362 -3.95829
-3.70993 -3.70976
-3.93365 -3.93068
-3.91076 -3.90768
-4.05484 -4.0545
-3.93684 -3.93767
-3.88859 -3.88711
-4.10566 -4.10639
-3.99059 -3.9929
-3.95067 -3.94702
-4.11132 -4.11194
-3.64702 -3.64196
-3.69758 -3.69325
-3.64366 -3.64432
-3.9875 -3.99032
-3.67828 -3.67963
-3.98822 -3.98705
-4.12582 -4.12808
-4.0874 -4.09062
-4.01124 -4.00814
-3.68252 -3.68157
-3.68814 -3.69282
-4.12468 -4.12592
-4.09939 -4.09826
-4.07427 -4.07782
-3.99389 -3.99648
-3.71756 -3.71584
-4.10434 -4.10791
-3.68269 -3.68014
-4.04286 -4.04161
-3.95639 -3.9563
-4.03714 -4.04238
-3.67541 -3.68058
-4.12424 -4.12603
-3.9753 -3.97531
-3.83558 -3.83426
-3.65831 -3.65867
-3.70007 -3.70159
-4.13159 -4.13037
-3.68917 -3.6845
-3.66992 -3.66756
-3.98586 -3.98586
-3.96675 -3.96631
-4.07714 -4.07494
-3.65901 -3.66372
-3.99847 -4.00068
-4.02014 -4.02366
-3.9209 -3.92171
-3.98671 -3.98672
-3.98513 -3.98258
-4.08807 -4.09088
-3.72808 -3.73246
-3.69498 -3.69069
-3.94152 -3.93884
-3.8609 -3.86062
-3.6405 -3.63862
-3.831 -3.82794
-3.64228 -3.64417
-4.00345 -4.00281
-4.0232 -4.01833
-3.66152 -3.66025
-4.07339 -4.07174
-3.97881 -3.97657
-3.99413 -3.99394
-3.80104 -3.80126
-3.9856 -3.98499
-4.01353 -4.01775
-3.67842 -3.68562
-3.9809 -3.97638
-4.00229 -4.00052
-3.94244 -3.94094
-3.65724 -3.65418
-3.69482 -3.69786
-3.67579 -3.67859
-3.65582 -3.65149
-3.66711 -3.66014
-3.9803 -3.9784
-3.75351 -3.75288
-3.64874 -3.65587
-4.0128 -4.0154
-3.70638 -3.70882
-3.92699 -3.92636
-3.65811 -3.65856
-3.66546 -3.6645
-4.04134 -4.04493
-3.98065 -3.97829
-3.95316 -3.9502
-4.00369 -4.00239
-4.07681 -4.07623
-3.9965 -3.9942
-4.06028 -4.05849
-4.07279 -4.07022
-3.68542 -3.68794
-3.65505 -3.65517
-3.64924 -3.65117
-3.9509 -3.95174
-3.84786 -3.84475
-3.69409 -3.69535
-4.07577 -4.07538
-4.14185 -4.14368
-4.09552 -4.09302
-3.90546 -3.90421
-3.92859 -3.92636
-4.11345 -4.11543
-4.0083 -4.00531
-3.95264 -3.95079
-4.09829 -4.10105
-3.64167 -3.64758
-3.68849 -3.69031
-3.93586 -3.93611
-3.63631 -3.64052
-4.02022 -4.01694
-3.63648 -3.6343
-3.9245 -3.92326
-3.73472 -3.73716
-4.14042 -4.14287
-4.10756 -4.11154
-3.76588 -3.76317
-3.65938 -3.66247
-3.65584 -3.65542
-4.00221 -4.00027
-3.69747 -3.69702
-4.02524 -4.02229
-3.66459 -3.66176
-4.01872 -4.01607
-3.64023 -3.64095
-4.00865 -4.00696
-4.04771 -4.04968
-3.66417 -3.66385
-3.85071 -3.85152
-4.07844 -4.07579
-4.04828 -4.04576
-3.81818 -3.8196
-3.65003 -3.6484
-3.85873 -3.85651
-3.98347 -3.98347
-3.97659 -3.97579
-3.78776 -3.78533
-3.98099 -3.98145
-4.12777 -4.12929
-3.65269 -3.65323
-4.00197 -3.99868
-3.776 -3.78083
-3.97463 -3.97291
-3.63831 -3.63833
-4.11143 -4.1141
-4.07027 -4.0736
-3.99328 -3.99096
-4.027 -4.02351
-3.90289 -3.90272
-3.69706 -3.69978
-3.98158 -3.98694
-3.9654 -3.96081
-4.10416 -4.10236
-3.63725 -3.62997
-3.66862 -3.66631
-3.67442 -3.6733
-4.01291 -4.01277
-3.66651 -3.67055
-3.9497 -3.948
-3.68421 -3.68391
-4.10401 -4.10266
-3.95353 -3.95187
-3.96725 -3.97212
-4.02437 -4.02783
-4.06071 -4.06156
-3.70045 -3.70847
-3.95479 -3.95515
-4.06634 -4.07072
-4.12349 -4.12196
-4.02753 -4.02997
-3.72029 -3.71796
-3.99078 -3.99409
-4.0966 -4.09628
-3.95957 -3.95773
-3.93422 -3.93611
-4.01015 -4.0111
-3.9611 -3.96071
-3.9882 -3.98476
-3.67094 -3.67022
-4.05823 -4.06247
-4.01533 -4.01619
-4.051 -4.0555
-3.72836 -3.73177
-3.64651 -3.65048
-3.64705 -3.6451
-4.10684 -4.10797
-4.04158 -4.04378
-4.08368 -4.08647
-4.11658 -4.11828
-3.6389 -3.636
-4.1155 -4.11357
-3.89496 -3.89123
-3.96148 -3.96026
-4.02241 -4.02136
-4.05594 -4.0594
-3.95082 -3.95149
-4.12584 -4.12649
-3.9767 -3.97679
-4.00133 -3.99758
-3.93174 -3.93168
-3.59649 -3.59655
-3.7203 -3.72359
-4.00559 -4.00504
-3.89188 -3.89095
-3.68709 -3.68587
-3.97559 -3.974
-3.67335 -3.67056
-4.03405 -4.03799
-3.97454 -3.97035
-3.68204 -3.6859
-4.1152 -4.11434
-3.64516 -3.6423
-4.04837 -4.04529
-3.66687 -3.66087
-4.02743 -4.02342
-3.63482 -3.63873
-4.00826 -4.0036
-3.80987 -3.8155
-3.67431 -3.67499
-3.94528 -3.94623
-4.10698 -4.1095
-3.673 -3.67881
-4.0519 -4.0475
-3.68971 -3.69406
-3.98579 -3.98378
-3.72973 -3.73364
-3.93644 -3.93347
-3.92239 -3.92235
-3.64031 -3.63722
-3.96199 -3.96068
-3.68468 -3.68894
-4.12775 -4.12921
-3.73245 -3.73422
-3.67223 -3.66608
-3.92199 -3.92029
-3.95 -3.94921
-3.68859 -3.70223
-3.69292 -3.69032
-4.09984 -4.09927
-3.84611 -3.84445
-4.09863 -4.09912
-3.85969 -3.8583
-3.73523 -3.73573
-3.93275 -3.93365
-3.99037 -3.98884
-3.96766 -3.96508
-3.66648 -3.66312
-3.64189 -3.6422
-3.63714 -3.64186
-3.76408 -3.76258
-4.01308 -4.01489
-3.75645 -3.75464
-4.11598 -4.11674
-3.98672 -3.98301
-4.05764 -4.05829
-3.97315 -3.96959
-3.65585 -3.65517
-3.80214 -3.80211
-3.67556 -3.67736
-4.08155 -4.07879
-4.02275 -4.0252
-4.03286 -4.03558
-3.91055 -3.90772
-3.88 -3.87655
-3.97978 -3.97892
-3.69073 -3.69026
-3.98997 -3.99117
-4.12901 -4.13137
-4.02919 -4.0319
-3.75182 -3.74752
-3.71037 -3.71253
-4.10987 -4.113
-3.87894 -3.8769
-3.65934 -3.65965
-3.9836 -3.97869
-4.10222 -4.10039
-3.86294 -3.86103
-3.90108 -3.8977
-3.90977 -3.90985
-4.06877 -4.07124
-3.97223 -3.9711
-4.13273 -4.13328
-4.09145 -4.09462
-3.96744 -3.9698
-4.11461 -4.11336
-4.02859 -4.0248
-3.62392 -3.62087
-3.99683 -4.00179
-4.08662 -4.08792
-3.68371 -3.68448
-4.08193 -4.08471
-4.08131 -4.08472
-4.12743 -4.12616
-3.95438 -3.94986
-3.68137 -3.69097
-4.02109 -4.01886
-3.99104 -3.99641
-4.01913 -4.02151
-4.07973 -4.07721
-4.02076 -4.02438
-3.63956 -3.63908
-3.9694 -3.96601
-4.0711 -4.07456
-3.63844 -3.63956
-3.65392 -3.65592
-3.97681 -3.97759
-3.63868 -3.6335
-3.89325 -3.89391
-3.8956 -3.89646
-3.64584 -3.64212
-4.01244 -4.01429
-3.93048 -3.92887
-3.98454 -3.98601
-3.65383 -3.65623
-4.10389 -4.10707
-4.08659 -4.08614
-4.07143 -4.06842
-4.12286 -4.12161
-3.65004 -3.64877
-4.03231 -4.03529
-3.62657 -3.62931
-3.98995 -3.98784
-4.10199 -4.1004
-4.00756 -4.01122
-4.07189 -4.07013
-3.94485 -3.94092
-4.0217 -4.02507
-3.69122 -3.69346
-3.94903 -3.94876
-4.10806 -4.11011
-4.02726 -4.03108
-3.62928 -3.62507
-3.65378 -3.64784
-4.04285 -4.04703
-4.08856 -4.09135
-3.73587 -3.74079
-3.99992 -3.99846
-3.75655 -3.75775
-3.91919 -3.91885
-3.78996 -3.79132
-4.12045 -4.11887
-3.99085 -3.98698
-4.04009 -4.03707
-3.99035 -3.98821
-3.98478 -3.98109
-4.00575 -4.00966
-3.99113 -3.99116
-4.06812 -4.06926
-3.96957 -3.96897
-4.06076 -4.05787
-4.0695 -4.07144
-3.65533 -3.65973
-3.63252 -3.63463
-4.12985 -4.13174
-4.0243 -4.02103
-4.06852 -4.06603
-3.94859 -3.95004
-3.65328 -3.65467
-3.91756 -3.91449
-3.81276 -3.81483
-3.9791 -3.97714
-4.08152 -4.07822
-3.63108 -3.63128
-4.08277 -4.08567
-4.0455 -4.04441
-3.98249 -3.98341
-4.06258 -4.06597
-3.71618 -3.72199
-4.14106 -4.14327
-4.09768 -4.1012
-3.6712 -3.67111
-3.89445 -3.88952
-3.94653 -3.94657
-3.97107 -3.96924
-4.12581 -4.1248
-3.70427 -3.70684
-4.0788 -4.08258
-4.06463 -4.06106
-3.96869 -3.9683
-3.92328 -3.92047
-3.65225 -3.6507
-3.93606 -3.93265
-4.08758 -4.08561
-4.08464 -4.08821
-4.05879 -4.06315
-4.04578 -4.04335
-3.7046 -3.70908
-3.79675 -3.79803
-4.12426 -4.12618
-4.08035 -4.07869
-3.66075 -3.65956
-3.63451 -3.63571
-3.97833 -3.97741
-3.84976 -3.84453
-3.98318 -3.98371
-3.9716 -3.9687
-3.63706 -3.6353
-4.00595 -4.01058
-3.95699 -3.95749
-4.0269 -4.02413
-3.88232 -3.87662
-3.95221 -3.95117
-4.09304 -4.09612
-3.99384 -3.99077
-4.11165 -4.11078
-4.03435 -4.03783
-3.62605 -3.62865
-4.00278 -4.00044
-4.09786 -4.10134
-4.12493 -4.12697
-4.06452 -4.06266
-3.65719 -3.65566
-3.71318 -3.71055
-4.03638 -4.04045
-3.65538 -3.65583
-3.67132 -3.67225
-4.01233 -4.01651
-3.63582 -3.63667
-4.02154 -4.01659
-3.9828 -3.98553
-3.67289 -3.6671
-4.09464 -4.09289
-3.66877 -3.66995
-3.6626 -3.66644
-3.85077 -3.84887
-3.95614 -3.95777
-3.96269 -3.96589
-3.96999 -3.96658
-3.66925 -3.66857
-4.11702 -4.11935
-3.88257 -3.87959
-4.11385 -4.11233
-3.92557 -3.92459
-3.98277 -3.98306
-4.02831 -4.0267
-4.04067 -4.03818
-3.81528 -3.81313
-3.90902 -3.90704
-3.85161 -3.84774
-4.05392 -4.05645
-4.10504 -4.10834
-4.05303 -4.04973
-3.83622 -3.83395
-4.02667 -4.02961
-3.95257 -3.9529
-4.10885 -4.10745
-4.12576 -4.12746
-3.65493 -3.66058
-3.96545 -3.96712
-4.12607 -4.12502
-3.70406 -3.71016
-3.986 -3.98464
-3.84477 -3.84389
-4.09749 -4.09818
-4.09932 -4.10192
-3.97526 -3.97323
-4.11532 -4.11618
-3.99122 -3.98905
-4.02418 -4.02747
-3.99005 -3.9865
-4.00558 -4.0049
-4.07115 -4.07371
-4.11114 -4.11155
-4.13934 -4.14047
-4.12513 -4.12661
-4.12612 -4.12793
-3.64941 -3.65016
-4.02513 -4.02218
-4.07023 -4.07436
-4.07229 -4.07555
-4.06097 -4.06384
-3.88288 -3.88069
-4.05753 -4.05395
-4.13345 -4.13225
-4.0683 -4.06683
-4.03246 -4.03171
-3.96584 -3.96178
-3.89406 -3.89393
-3.98596 -3.98688
-3.67855 -3.68298
-3.9115 -3.90915
-4.05825 -4.05659
-3.98552 -3.98274
-4.13294 -4.13167
-3.86445 -3.86361
-3.88164 -3.87645
-3.90634 -3.90781
-3.92747 -3.92875
-3.97424 -3.97602
-4.04959 -4.04715
-3.94299 -3.9432
-4.031 -4.02778
-4.10635 -4.1046
-4.14821 -4.14976
-4.07128 -4.0701
-3.70116 -3.69926
-3.628 -3.62731
-3.98222 -3.97954
-3.67762 -3.67732
-3.67031 -3.67047
-3.91002 -3.9077
-3.67753 -3.68555
-3.66514 -3.66528
-3.97835 -3.97456
-3.63222 -3.63544
-3.70641 -3.70672
-4.03923 -4.03591
-3.80877 -3.80788
-4.13763 -4.13969
-4.03158 -4.03708
-3.67911 -3.68555
-4.05711 -4.05275
-4.06141 -4.06427
-3.66218 -3.6625
-3.64835 -3.64923
-3.89681 -3.89747
-3.68884 -3.68718
-4.04438 -4.04629
-4.08039 -4.07906
-3.68102 -3.68089
-4.08664 -4.08513
-4.09989 -4.10303
-4.07366 -4.07661
-3.85517 -3.85469
-4.03458 -4.04038
-3.69992 -3.70244
-3.8646 -3.86538
-3.9961 -3.99375
-3.93936 -3.93711
-4.09534 -4.09864
-3.89847 -3.89556
-3.69251 -3.69457
-4.07317 -4.07658
-3.97878 -3.97957
-3.67586 -3.67424
-3.79266 -3.79476
-3.68847 -3.69359
-3.63373 -3.63133
-4.0555 -4.05239
-4.01017 -4.00754
-3.69237 -3.68904
-4.03738 -4.04022
-3.67771 -3.67663
-3.64858 -3.64889
-3.68148 -3.68212
-3.81868 -3.81371
-3.9569 -3.95619
-3.94683 -3.94627
-3.65471 -3.66007
-3.62872 -3.63161
-3.98952 -3.98763
-4.12328 -4.12503
-4.08051 -4.08089
-3.95334 -3.95237
-3.9759 -3.97463
-4.03736 -4.0416
-3.9359 -3.93581
-4.04096 -4.0381
-3.67349 -3.67799
-4.11034 -4.11296
-4.00953 -4.00674
-3.68042 -3.68576
-4.02176 -4.02053
-4.01619 -4.01907
-3.64652 -3.64342
-3.99016 -3.99297
-3.96589 -3.96673
-4.01112 -4.01411
-4.12019 -4.1223
-4.05018 -4.04839
-3.65093 -3.64947
-3.98476 -3.98677
-3.86351 -3.86041
-4.04597 -4.04356
-3.69291 -3.69774
-3.91961 -3.91733
-4.06164 -4.06511
-3.64628 -3.64572
-3.85054 -3.84919
-3.68252 -3.68911
-3.67679 -3.67858
-3.92962 -3.92921
-4.05268 -4.04777
-3.93855 -3.9355
-3.95329 -3.95108
-3.92976 -3.92871
-3.97028 -3.96936
-4.12275 -4.1246
-4.13069 -4.1294
-4.1445 -4.14536
-3.84486 -3.84259
-3.67159 -3.66964
-3.97891 -3.97873
-4.00083 -3.99843
-3.6878 -3.6901
-4.05283 -4.05624
-3.95574 -3.95485
-3.91074 -3.90645
-4.04522 -4.04457
-4.11728 -4.1177
-3.6934 -3.69032
-3.62318 -3.6272
-3.97892 -3.97679
-3.63479 -3.63348
-3.96064 -3.96087
-3.6956 -3.7006
-4.07676 -4.08041
-3.96663 -3.96437
-4.12746 -4.12663
-4.07974 -4.07619
-4.03372 -4.03568
-4.11297 -4.11205
-3.68628 -3.69109
-3.93045 -3.9331
-3.68553 -3.68796
-3.97361 -3.97119
-4.00332 -4.00244
-4.07742 -4.08065
-4.0084 -4.00635
-3.65264 -3.65305
-3.91789 -3.91572
-3.83731 -3.83504
-3.67813 -3.67718
-3.97022 -3.9702
-4.00749 -4.00561
-3.64951 -3.65398
-3.95074 -3.94837
-3.91425 -3.90903
-4.01779 -4.01533
-3.94764 -3.94486
-3.98009 -3.97772
-3.95932 -3.9581
-3.96009 -3.95848
-3.94998 -3.95102
-4.10446 -4.10721
-3.64408 -3.6445
-3.68145 -3.68359
-3.65743 -3.65458
-4.12949 -4.13101
-4.00813 -4.00738
-4.12716 -4.12611
-4.01259 -4.00901
-4.1212 -4.11953
-4.07043 -4.07331
-3.67248 -3.67379
-4.01186 -4.01082
-4.10236 -4.10028
-3.66441 -3.66432
-3.99034 -3.98664
-3.95501 -3.95411
-4.0912 -4.08857
-3.97596 -3.97218
-3.91564 -3.9181
-3.98548 -3.98921
-3.97567 -3.97614
-4.10003 -4.10276
-4.06834 -4.07289
-3.96782 -3.96663
-4.00545 -4.0048
-4.08176 -4.08516
-3.87856 -3.87483
-3.66688 -3.66805
-4.09642 -4.09483
-4.12549 -4.12671
-4.12157 -4.12424
-4.11359 -4.11585
-4.10261 -4.1049
-4.00589 -4.00581
-4.08647 -4.09045
-3.65104 -3.64933
-3.87314 -3.87195
-3.98285 -3.9806
-4.05744 -4.06058
-3.94644 -3.94361
-3.94456 -3.93958
-4.01891 -4.0185
-3.94612 -3.94423
-4.01376 -4.01669
-4.04409 -4.04076
-3.96119 -3.96075
-3.95771 -3.95454
-4.04296 -4.04648
-3.96664 -3.96755
-4.04663 -4.04458
-3.94058 -3.93692
-3.92274 -3.91985
-3.91983 -3.92064
-4.0025 -3.99944
-3.64904 -3.64384
-3.99929 -3.99787
-3.71041 -3.71409
-3.67606 -3.67906
-4.10245 -4.10542
-3.87931 -3.87025
-3.87052 -3.86714
-4.00324 -4.00668
-3.63662 -3.63585
-3.68913 -3.68965
-4.05158 -4.05568
-4.04747 -4.05059
-3.99742 -3.99458
-4.0229 -4.01774
-3.65955 -3.65618
-4.07131 -4.07542
-3.63955 -3.6397
-3.95356 -3.95063
-3.98279 -3.98643
-4.04838 -4.04896
-4.00865 -4.00551
-4.03654 -4.03338
-3.6935 -3.69666
-3.92687 -3.92667
-3.76297 -3.76046
-3.60556 -3.60386
-3.66007 -3.65598
-3.62376 -3.62481
-4.06199 -4.06585
-3.65339 -3.65019
-3.98632 -3.98588
-3.93963 -3.93747
-3.69485 -3.68887
-3.97067 -3.96801
-4.07969 -4.08205
-3.96658 -3.96425
-3.98364 -3.9786
-4.0955 -4.09625
-3.63412 -3.63766
-3.99332 -3.99059
-4.04706 -4.04948
-4.03603 -4.03705
-4.00739 -4.0107
-3.64285 -3.64179
-4.03346 -4.03085
-3.97252 -3.97335
-4.07654 -4.07494
-3.99316 -3.99358
-3.92939 -3.93035
-4.07055 -4.07387
-4.11253 -4.11479
-3.63958 -3.63747
-4.11366 -4.11217
-3.67455 -3.67464
-3.92538 -3.92133
-4.00292 -4.00264
-3.68682 -3.69097
-4.00042 -3.99832
-4.00883 -4.00703
-3.67066 -3.67195
-4.12461 -4.12658
-3.94229 -3.94662
-4.10581 -4.10423
-4.09331 -4.09088
-3.68649 -3.68483
-3.6875 -3.6908
-4.10314 -4.10642
-4.01057 -4.0113
-4.06006 -4.06507
-3.67344 -3.67391
-3.97408 -3.97625
-4.05446 -4.05899
-3.96676 -3.9666
-3.91217 -3.91489
-4.01982 -4.02402
-3.62533 -3.62392
-4.00226 -3.9994
-3.65364 -3.65216
-3.9233 -3.92052
-3.98649 -3.98459
-4.00936 -4.0118
-3.97905 -3.9782
-4.01122 -4.01074
-3.63721 -3.63769
-3.96778 -3.96607
-3.96731 -3.96356
-4.06718 -4.07083
-3.99357 -3.99613
-4.10088 -4.10086
-3.96348 -3.96419
-4.0749 -4.07281
-4.0082 -4.01041
-3.70076 -3.69792
-3.98907 -3.98685
-4.09495 -4.09558
-3.99226 -3.99407
-4.07044 -4.06829
-3.70003 -3.7025
-3.63467 -3.63937
-4.09831 -4.09689
-4.1131 -4.11569
-3.97996 -3.97917
-4.01333 -4.01097
-3.62712 -3.62737
-4.00503 -4.00169
-4.05336 -4.05019
-4.11798 -4.11989
-4.08351 -4.0866
-4.00058 -3.99912
-3.95296 -3.9568
-3.63476 -3.63713
-3.64907 -3.64991
-3.65732 -3.65513
-3.97727 -3.98195
-4.02963 -4.03301
-3.73699 -3.73884
-3.68118 -3.68809
-4.08102 -4.0847
-4.08874 -4.0918
-3.65693 -3.65045
-3.68439 -3.68228
-4.05036 -4.0479
-4.0692 -4.07333
-4.07182 -4.07525
-3.67531 -3.67912
-3.66926 -3.66645
-3.64435 -3.6462
-3.97799 -3.97504
-3.96545 -3.96528
-4.12493 -4.12339
-4.01111 -4.01426
-3.85621 -3.85572
-3.95487 -3.95304
-4.12185 -4.12059
-3.68356 -3.68558
-3.68366 -3.67867
-4.01472 -4.0166
-3.665 -3.66971
-3.96685 -3.96978
-3.83408 -3.83028
-4.11895 -4.1207
-3.98384 -3.98377
-4.05863 -4.06128
-4.02517 -4.02255
-3.97047 -3.97273
-4.01647 -4.01264
-4.07902 -4.08223
-3.67135 -3.67036
-4.02001 -4.01722
-4.06846 -4.06639
-4.10644 -4.10826
-4.09204 -4.09062
-3.7017 -3.70275
-4.04383 -4.04151
-3.68594 -3.68252
-3.93303 -3.93153
-3.71442 -3.71644
-3.99108 -3.98841
-3.97862 -3.9795
-3.68561 -3.69172
-4.02708 -4.02455
-3.97999 -3.98292
-3.66583 -3.67154
-3.95441 -3.95317
-3.67374 -3.67258
-3.92346 -3.92677
-4.08857 -4.09211
-4.0067 -4.00961
-3.68079 -3.68252
-3.72579 -3.73119
-4.03422 -4.03202
-3.98562 -3.98668
-4.03859 -4.03615
-4.01872 -4.01519
-4.06306 -4.06086
-4.06898 -4.07183
-3.63806 -3.6359
-3.96335 -3.96197
-3.69936 -3.69833
-3.95175 -3.94931
-4.07492 -4.07901
-3.68244 -3.6823
-4.01331 -4.01023
-4.12886 -4.12939
-4.13817 -4.1386
-4.12604 -4.12661
-3.99811 -3.99532
-3.6387 -3.63344
-4.04258 -4.04523
-3.72352 -3.73274
-4.0782 -4.08209
-3.66155 -3.66061
-4.12182 -4.12354
-4.10409 -4.10753
-3.70495 -3.70548
-4.03013 -4.02772
-4.08622 -4.08393
-3.70114 -3.7024
-4.00146 -3.99811
-4.05034 -4.04608
-3.92149 -3.9197
-3.67511 -3.67621
-4.03683 -4.04029
-3.97057 -3.96792
-4.10283 -4.10115
-3.66971 -3.66935
-3.64685 -3.6437
-4.08732 -4.08902
-4.12852 -4.12996
-4.06978 -4.06725
-3.90129 -3.90141
-3.65422 -3.65647
-4.07816 -4.08154
-3.93843 -3.93691
-4.00114 -3.99748
-4.06328 -4.06523
-3.64907 -3.64716
-3.69378 -3.69811
-3.97885 -3.97946
-4.1139 -4.11257
-3.67284 -3.67321
-3.92041 -3.92037
-3.6825 -3.68282
-3.6437 -3.64766
-4.06524 -4.06827
-3.83402 -3.82934
-4.12817 -4.13014
-3.91844 -3.91778
-3.9969 -3.99906
-4.09731 -4.10011
-3.94042 -3.94722
-4.01364 -4.01008
-3.66086 -3.66308
-4.08075 -4.07803
-3.67198 -3.67039
-4.06262 -4.06535
-4.0934 -4.09376
-4.02792 -4.02512
-4.13932 -4.14161
-3.63244 -3.62547
-3.90454 -3.90229
-3.93877 -3.93534
-3.66199 -3.6601
-3.98761 -3.98599
-3.90508 -3.90217
-3.91799 -3.9138
-4.11484 -4.11378
-4.05645 -4.06154
-3.96204 -3.96051
-4.09511 -4.09841
-3.97258 -3.97335
-4.09638 -4.09912
-4.02347 -4.02532
-4.03885 -4.03524
-3.95297 -3.94994
-3.90075 -3.90093
-4.05461 -4.05838
-3.93921 -3.93761
-3.62976 -3.63035
-4.09817 -4.10082
-3.94237 -3.94187
-3.81466 -3.81708
-3.64085 -3.63679
-3.97999 -3.97808
-4.06065 -4.05943
-3.9565 -3.9539
-4.06121 -4.05818
-3.94367 -3.94268
-3.93663 -3.93501
-4.07653 -4.07444
-3.93617 -3.93325
-4.07867 -4.07661
-3.9732 -3.97158
-4.03904 -4.04348
-3.65781 -3.65648
-3.62496 -3.62942
-3.94513 -3.94113
-3.61668 -3.61646
-4.06481 -4.06162
-3.96137 -3.95805
-3.6524 -3.64725
-4.05653 -4.05446
-3.67512 -3.67736
-3.9921 -3.99638
-4.06522 -4.0642
-3.64664 -3.64955
-3.9484 -3.94673
-3.63337 -3.63921
-3.65365 -3.65155
-3.84973 -3.84999
-3.87977 -3.87435
-4.07261 -4.0709
-4.00837 -4.00568
-4.08237 -4.08615
-3.6526 -3.65141
-4.11228 -4.11124
-4.06584 -4.06946
-3.88066 -3.87537
-4.13337 -4.13222
-4.07016 -4.06724
-3.6321 -3.63649
-4.03789 -4.03559
-3.89051 -3.88564
-4.00472 -4.00457
-3.86213 -3.86274
-4.10125 -4.10014
-4.04506 -4.0436
-4.0905 -4.0881
-4.01835 -4.01781
-4.10573 -4.10867
-4.07559 -4.07796
-4.07448 -4.07376
-4.10845 -4.10959
-3.69077 -3.68716
-4.01887 -4.01578
-4.08646 -4.08594
-3.97752 -3.9776
-3.94874 -3.94667
-3.67763 -3.6801
-3.98128 -3.98495
-3.76031 -3.75884
-3.93013 -3.92517
-3.6768 -3.67382
-4.08459 -4.08571
-4.12888 -4.13023
-4.10889 -4.10918
-3.63171 -3.63062
-4.10444 -4.10718
-4.06711 -4.06519
-3.68111 -3.68217
-3.68054 -3.68195
-4.07052 -4.06707
-4.04444 -4.04051
-4.02254 -4.02126
-4.13606 -4.13833
-3.80116 -3.80145
-4.0942 -4.09725
-3.69458 -3.69581
-3.9893 -3.98676
-4.00511 -4.00193
-4.00576 -4.00999
-3.67816 -3.67968
-4.02239 -4.01808
-3.68561 -3.68776
-3.64142 -3.64209
-4.04849 -4.04445
-3.69617 -3.69724
-3.66574 -3.67334
-3.63031 -3.62402
-3.97889 -3.97562
-3.98602 -3.98424
-4.11654 -4.11721
-3.96417 -3.95837
-3.64727 -3.64353
-3.8051 -3.80266
-3.91098 -3.90875
-3.73915 -3.73983
-4.08617 -4.08995
-4.0622 -4.05892
-4.0749 -4.07786
-4.00429 -4.00282
-3.65486 -3.65196
-3.97995 -3.97742
-4.02613 -4.02837
-4.12337 -4.1249
-3.99975 -3.99514
-4.07274 -4.0691
-3.89565 -3.89659
-4.06735 -4.06302
-3.70946 -3.71024
-3.63175 -3.63087
-3.64557 -3.64906
-4.07952 -4.08308
-4.06496 -4.06829
-3.6796 -3.67978
-4.02623 -4.02277
-3.89819 -3.8961
-4.05674 -4.05308
-3.65656 -3.6517
-4.07195 -4.07538
-3.67909 -3.68345
-3.94342 -3.94435
-3.63607 -3.63852
-3.93729 -3.93141
-3.95239 -3.95093
-3.6325 -3.62979
-4.13996 -4.14197
-3.91246 -3.90831
-4.132 -4.13062
-3.64477 -3.64522
-4.07776 -4.07996
-4.10057 -4.10453
-4.03158 -4.03002
-3.66647 -3.66504
-4.01596 -4.0136
-4.1165 -4.11492
-4.0002 -3.99825
-3.64402 -3.64352
-4.07865 -4.08198
-4.04308 -4.04585
-4.03585 -4.03427
-4.05591 -4.05291
-4.02365 -4.02099
-4.10374 -4.10279
-4.10345 -4.10173
-3.90588 -3.90784
-4.0333 -4.03155
-3.93943 -3.93781
-4.0163 -4.01305
-3.91873 -3.91565
-4.10635 -4.10495
-3.99822 -4.00062
-3.99845 -3.99599
-3.9473 -3.94512
-3.91932 -3.91944
-3.85086 -3.8475
-3.63928 -3.64075
-4.03592 -4.03276
-4.07732 -4.07588
-4.09167 -4.09473
-3.86606 -3.86298
-3.92283 -3.92076
-4.01495 -4.01645
-3.67508 -3.67377
-4.07173 -4.07206
-4.04001 -4.03693
-3.90907 -3.90544
-3.92247 -3.92087
-3.66689 -3.66998
-3.70464 -3.7114
-3.8144 -3.81321
-3.92686 -3.92896
-3.67975 -3.6808
-3.99642 -3.99406
-3.82996 -3.82556
-3.67087 -3.67244
-3.66561 -3.66945
-3.99925 -3.99889
-3.93852 -3.93503
-3.6796 -3.68604
-3.66091 -3.66036
-3.96286 -3.96444
-4.06324 -4.06117
-4.06426 -4.06816
-4.09044 -4.09452
-3.79075 -3.79082
-4.04938 -4.04687
-4.04007 -4.03692
-4.06417 -4.06766
-4.05951 -4.06236
-3.66276 -3.66439
-4.01889 -4.02267
-4.11027 -4.10819
-3.98238 -3.98517
-4.13266 -4.13138
-3.95979 -3.95451
-3.71767 -3.7212
-4.06877 -4.06623
-4.12646 -4.12543
-3.94321 -3.94476
-4.09604 -4.09384
-3.67337 -3.6759
-3.67293 -3.67431
-3.67317 -3.66715
-4.00098 -3.99827
-3.96187 -3.96188
-3.62739 -3.62696
-3.96741 -3.96665
-4.12217 -4.12416
-3.97747 -3.97692
-4.12825 -4.13015
-3.99766 -3.9952
-3.90149 -3.90189
-4.01666 -4.01272
-4.00075 -3.99961
-3.78332 -3.78093
-3.64506 -3.64294
-3.91191 -3.9126
-3.6614 -3.66656
-4.09598 -4.09894
-4.01087 -4.01381
-4.06987 -4.07263
-3.95593 -3.95257
-3.92526 -3.92567
-3.66664 -3.66509
-3.63985 -3.64645
-3.64695 -3.64381
-3.95719 -3.95841
-4.06877 -4.07317
-3.99974 -3.9999
-4.07774 -4.07623
-3.95769 -3.95549
-4.14211 -4.14437
-3.69452 -3.69906
-3.66918 -3.66923
-4.04437 -4.04775
-3.9964 -3.99661
-4.0875 -4.09108
-3.92276 -3.92296
-4.03126 -4.02661
-4.08552 -4.08912
-3.97462 -3.97433
-3.72704 -3.72995
-4.06609 -4.0695
-3.62253 -3.61902
-3.88814 -3.88679
-4.05718 -4.06178
-4.08879 -4.08654
-3.64508 -3.64297
-3.64054 -3.64399
-3.67447 -3.67881
-4.01345 -4.00925
-4.06752 -4.06661
-3.97627 -3.97559
-3.71667 -3.71962
-3.98801 -3.98732
-4.04905 -4.0524
-4.10421 -4.10684
-3.81202 -3.80935
-4.12992 -4.12867
-3.99766 -3.99656
-3.66047 -3.65798
-3.9786 -3.97679
-3.72968 -3.73361
-3.68152 -3.68418
-4.07598 -4.07907
-3.6569 -3.65977
-4.12812 -4.12685
-3.9611 -3.96024
-4.1008 -4.09906
-3.6433 -3.6444
-3.88181 -3.87873
-3.94772 -3.94361
-4.14378 -4.14401
-4.01136 -4.00836
-4.04688 -4.04449
-3.67018 -3.67069
-4.13135 -4.1339
-3.97289 -3.96667
-3.65342 -3.65536
-3.99001 -3.98839
-3.70125 -3.70493
-4.12998 -4.12879
-3.67291 -3.67335
-4.12503 -4.12344
-4.12407 -4.12267
-4.01293 -4.01588
-3.98679 -3.98176
-3.97526 -3.97768
-3.85239 -3.85406
-3.70457 -3.70858
-3.68901 -3.68722
-3.95623 -3.95745
-3.645 -3.64758
-4.05816 -4.05395
-4.14123 -4.14239
-3.89216 -3.88928
-4.0816 -4.07989
-4.11945 -4.12117
-3.80119 -3.80136
-3.93834 -3.93533
-4.05166 -4.05503
-3.63495 -3.63094
-4.07179 -4.07156
-3.69468 -3.69422
-3.91894 -3.91402
-3.98875 -3.99208
-4.05385 -4.05705
-3.68709 -3.68639
-3.95635 -3.95672
-3.96746 -3.96846
-3.94375 -3.94176
-3.97097 -3.96949
-3.69503 -3.69082
-3.66881 -3.66915
-4.09898 -4.10208
-3.91525 -3.91046
-4.01589 -4.014
-4.08509 -4.08269
-3.70839 -3.70613
-3.75539 -3.75198
-3.92217 -3.92247
-3.95006 -3.94721
-3.63707 -3.63815
-3.94371 -3.94315
-3.64838 -3.64651
-3.68345 -3.68442
-3.76344 -3.7644
-4.12771 -4.12931
-3.94725 -3.94588
-4.06166 -4.06536
-3.6276 -3.62754
-4.0071 -4.01328
-3.81031 -3.81298
-3.9353 -3.93553
-4.115 -4.11367
-3.9871 -3.98587
-3.62519 -3.62527
-4.055 -4.05208
-3.75694 -3.75847
-3.84528 -3.84396
-3.99897 -3.99764
-3.96482 -3.96107
-4.08464 -4.08182
-3.92642 -3.92577
-4.11231 -4.11457
-3.68047 -3.68388
-3.93807 -3.9371
-3.69349 -3.69261
-3.99608 -3.99994
-3.97831 -3.97442
-3.9619 -3.96061
-3.94027 -3.94076
-4.03001 -4.03148
-4.10804 -4.11047
-4.02557 -4.02871
-3.97016 -3.96667
-3.9792 -3.98012
-4.13022 -4.13158
-3.81065 -3.8103
-4.04866 -4.05311
-4.02009 -4.02275
-4.02992 -4.03248
-4.06394 -4.06183
-4.07692 -4.07619
-3.64868 -3.6493
-3.98116 -3.9774
-3.95289 -3.95033
-3.83845 -3.83647
-4.02483 -4.02756
-3.67954 -3.6792
-4.09677 -4.09514
-3.94266 -3.94529
-4.07543 -4.079
-3.99584 -3.99722
-4.11079 -4.1091
-3.64757 -3.64294
-3.65369 -3.64914
-4.12889 -4.12775
-4.08776 -4.0922
-4.13381 -4.13286
-4.0483 -4.05043
-4.09529 -4.09359
-3.96219 -3.95915
-3.97523 -3.97932
-4.00375 -4.00025
-3.65616 -3.65578
-4.10174 -4.10027
-3.96479 -3.96194
-4.06522 -4.0617
-3.66118 -3.66561
-3.8968 -3.89523
-4.11352 -4.11235
-4.11912 -4.11813
-3.65039 -3.64937
-3.67844 -3.68125
-4.06474 -4.06802
-4.04953 -4.04923
-4.10575 -4.10431
-3.66057 -3.65969
-3.69548 -3.69543
-3.93297 -3.92994
-4.03571 -4.03069
-3.71696 -3.71526
-3.8495 -3.84608
-3.66612 -3.66554
-4.1027 -4.10566
-4.10215 -4.10059
-4.12354 -4.12255
-3.69264 -3.69678
-3.62623 -3.62785
-4.06539 -4.06637
-3.84989 -3.84777
-3.62183 -3.62168
-4.08161 -4.08516
-3.68471 -3.68779
-3.91091 -3.90656
-4.06383 -4.06784
-4.04871 -4.05197
-3.69362 -3.69303
-4.10526 -4.10609
-3.97167 -3.97164
-3.97607 -3.97644
-3.93385 -3.932
-3.89517 -3.89622
-3.78042 -3.77784
-3.98242 -3.98037
-4.11197 -4.11412
-4.07673 -4.07575
-3.71112 -3.70925
-3.87723 -3.87159
-3.62087 -3.62253
-3.64836 -3.648
-4.0941 -4.09177
-3.67788 -3.68362
-3.70151 -3.70352
-4.03792 -4.04157
-3.91764 -3.9137
-4.01079 -4.01045
-4.03386 -4.03631
-3.99362 -3.99119
-4.10501 -4.10372
-4.03706 -4.04088
-4.04571 -4.04992
-3.69625 -3.69864
-3.94907 -3.94801
-3.86661 -3.86518
-3.98981 -3.98902
-3.96674 -3.96543
-3.83403 -3.83071
-3.92021 -3.92097
-4.00896 -4.00675
-3.96502 -3.96722
-4.07371 -4.07157
-3.64017 -3.63957
-3.98821 -3.98698
-3.90187 -3.9011
-4.09655 -4.09964
-4.00655 -4.00672
-4.00899 -4.01231
-3.92139 -3.92228
-3.65791 -3.66034
-4.00899 -4.01016
-3.66801 -3.66823
-4.06128 -4.05741
-3.65674 -3.66177
-3.95973 -3.95922
-4.03075 -4.02814
-3.65013 -3.65078
-3.94884 -3.94758
-4.09315 -4.09155
-4.09445 -4.09722
-3.94655 -3.94452
-3.67359 -3.67591
-3.94122 -3.93971
-4.11578 -4.11914
-4.06865 -4.06588
-4.03766 -4.04237
-3.66769 -3.66153
-4.09927 -4.09778
-4.12862 -4.12777
-4.06701 -4.07066
-4.04232 -4.03967
-4.11032 -4.11313
-3.9838 -3.9815
-3.83917 -3.83674
-3.97429 -3.97197
-4.03413 -4.03788
-4.14821 -4.14976
-4.0626 -4.05737
-3.95624 -3.9558
-4.09658 -4.1003
-3.71733 -3.7194
-4.09719 -4.09488
-4.10054 -4.10352
-3.63145 -3.63235
-4.01006 -4.0098
-4.04714 -4.04466
-3.97043 -3.96904
-3.64371 -3.64624
-4 -4.00472
-3.68281 -3.68618
-3.66532 -3.67202
-3.7187 -3.72165
-4.00411 -4.00622
-4.11693 -4.11892
-4.00618 -4.00448
-4.09741 -4.09804
-3.79009 -3.79026
-3.98895 -3.987
-3.93652 -3.93381
-4.07269 -4.07
-3.93118 -3.92901
-4.09774 -4.09992
-3.65288 -3.65011
-3.71629 -3.71956
-3.98125 -3.97754
-3.65766 -3.6592
-3.91846 -3.92101
-4.0153 -4.01885
-3.65287 -3.65545
-3.62451 -3.62681
-4.04426 -4.04813
-4.06419 -4.06312
-3.97632 -3.9773
-4.02167 -4.02602
-3.9295 -3.92993
-3.99224 -3.99393
-4.08444 -4.08187
-3.91755 -3.91251
-3.65828 -3.65577
-4.02676 -4.02479
-3.97424 -3.9733
-4.02269 -4.01841
-3.67818 -3.67444
-4.00361 -4.00237
-4.06083 -4.05565
-3.94182 -3.94069
-3.66184 -3.66011
-4.00012 -3.99814
-3.64802 -3.65165
-4.13417 -4.13311
-3.96484 -3.96415
-4.06488 -4.06858
-3.94133 -3.93815
-3.64758 -3.64814
-4.02007 -4.01761
-3.70957 -3.71209
-4.04623 -4.04121
-4.00075 -4.00377
-4.0849 -4.08711
-3.67591 -3.67387
-3.64808 -3.64683
-4.12811 -4.1269
-3.98143 -3.98244
-3.9735 -3.97266
-3.8302 -3.82405
-4.09112 -4.09495
-3.88054 -3.8755
-4.11738 -4.11636
-3.65322 -3.65154
-4.07739 -4.07498
-3.96934 -3.96579
-4.00076 -3.99805
-3.99923 -4.00111
-4.00277 -4.00049
-4.05245 -4.05127
-3.99026 -3.9918
-4.02405 -4.02669
-3.84651 -3.84529
-3.6681 -3.66843
-3.96043 -3.95949
-4.01769 -4.0218
-3.65321 -3.65079
-3.66056 -3.65776
-4.10956 -4.11219
-3.97393 -3.97334
-4.01318 -4.01578
-3.96153 -3.95988
-3.63762 -3.63999
-3.67479 -3.6812
-4.13055 -4.13364
-3.97238 -3.97235
-4.04913 -4.0485
-3.95099 -3.95283
-4.10643 -4.10953
-4.0575 -4.06061
-3.66442 -3.66408
-3.93085 -3.93094
-3.94202 -3.94045
-4.06683 -4.0641
-4.03498 -4.0379
-4.11773 -4.118
-3.66017 -3.65278
-3.97941 -3.9822
-3.95517 -3.95226
-4.06299 -4.06714
-3.63442 -3.63466
-3.65301 -3.65167
-3.8948 -3.89081
-3.93746 -3.93843
-4.11491 -4.11754
-3.66401 -3.66296
-4.02798 -4.0275
-3.90534 -3.90586
-3.96772 -3.96845
-4.01325 -4.01729
-3.93336 -3.93451
-3.96947 -3.96947
-4.02378 -4.02721
-3.74498 -3.74553
-3.7133 -3.7134
-4.02108 -4.02383
-3.9375 -3.93705
-4.13005 -4.12884
-4.12212 -4.12297
-3.98955 -3.98942
-3.94131 -3.93921
-3.66301 -3.65992
-3.96596 -3.97125
-3.79026 -3.79073
-4.00756 -4.00899
-3.69017 -3.69001
-3.87742 -3.8744
-4.04688 -4.04324
-4.06862 -4.06624
-4.10609 -4.10435
-3.66127 -3.65867
-4.07977 -4.08313
-3.90135 -3.89651
-4.12984 -4.13103
-4.08698 -4.08994
-4.06913 -4.06651
-4.12539 -4.12695
-3.67085 -3.67283
-3.64156 -3.64075
-4.0659 -4.06984
-3.66678 -3.66536
-4.00657 -4.00588
-3.93377 -3.93336
-3.66201 -3.6627
-4.13302 -4.13146
-3.63865 -3.64128
-4.04164 -4.04549
-4.04842 -4.04461
-3.94001 -3.93402
-4.05417 -4.05801
-4.01439 -4.01625
-4.09682 -4.09513
-4.01807 -4.02187
-3.66953 -3.67585
-4.11128 -4.10998
-4.00099 -4.00575
-4.12222 -4.12087
-4.10467 -4.10715
-3.99769 -3.99925
-4.11017 -4.11174
-3.66258 -3.65815
-3.72307 -3.72051
-4.12901 -4.12783
-4.02125 -4.01798
-4.06803 -4.07134
-4.13053 -4.13381
-3.968 -3.97181
-4.00393 -4.00113
-3.67954 -3.67735
-3.61071 -3.61148
-3.65117 -3.65092
-4.10217 -4.1048
-3.89941 -3.90074
-3.64718 -3.6473
-4.01828 -4.01593
-3.65565 -3.65577
-4.13283 -4.13412
-4.04983 -4.0537
-4.00695 -4.00425
-3.64004 -3.64038
-3.6564 -3.66051
-3.68624 -3.68388
-4.10047 -4.09791
-4.12622 -4.12871
-4.11476 -4.11672
-3.68012 -3.68748
-3.92683 -3.92609
-3.99681 -3.99547
-4.07467 -4.07369
-4.03825 -4.0355
-3.95925 -3.95767
-3.93387 -3.93587
-4.07798 -4.0793
-3.66012 -3.66654
-4.04908 -4.04592
-4.08496 -4.08367
-4.12576 -4.12737
-3.99777 -3.99938
-4.06777 -4.0712
-4.07654 -4.07974
-4.10327 -4.10657
-3.78719 -3.78807
-3.97262 -3.9714
-3.93475 -3.93263
-4.10015 -4.10272
-4.09535 -4.09759
-3.65254 -3.6552
-4.00542 -4.00635
-4.09666 -4.0952
-4.06677 -4.06946
-4.12256 -4.12128
-3.66497 -3.66427
-3.66619 -3.66601
-4.1113 -4.11403
-3.97525 -3.97305
-4.11493 -4.1141
-4.00606 -4.0028
-3.69117 -3.69336
-3.65005 -3.64426
-3.63419 -3.63507
-3.8626 -3.86213
-4.08691 -4.08809
-3.80107 -3.80037
-4.06151 -4.06525
-4.03378 -4.03726
-4.0087 -4.01096
-4.04988 -4.04745
-3.99598 -3.99408
-4.10292 -4.10182
-3.85871 -3.85554
-3.64272 -3.64356
-3.67295 -3.67839
-3.95134 -3.94767
-4.07464 -4.07777
-3.67024 -3.67125
-3.9932 -3.98916
-3.67599 -3.67537
-3.91701 -3.91736
-3.97365 -3.97377
-4.05014 -4.04735
-3.93257 -3.92946
-3.9209 -3.91521
-3.6968 -3.6961
-3.95172 -3.94876
-4.03004 -4.02785
-4.10234 -4.10208
-3.98172 -3.98556
-3.94071 -3.93874
-3.64459 -3.6465
-4.13716 -4.13538
-3.99244 -3.99565
-3.98406 -3.98095
-4.11417 -4.11306
-3.64077 -3.6474
-3.87692 -3.87528
-4.1169 -4.11886
-3.66412 -3.66151
-3.94101 -3.94075
-3.92119 -3.91921
-4.04818 -4.04802
-4.12894 -4.12683
-4.06342 -4.06048
-3.99534 -3.99922
-3.89255 -3.88761
-3.68226 -3.68103
-4.10404 -4.10669
-3.65174 -3.6559
-3.93168 -3.92928
-4.07331 -4.07147
-4.08 -4.08017
-3.98106 -3.98278
-3.92293 -3.9204
-3.63922 -3.63737
-3.6753 -3.67498
-4.02104 -4.02093
-4.11559 -4.11782
-3.93459 -3.93239
-3.6593 -3.65878
-4.05338 -4.05133
-3.9499 -3.94941
-3.63997 -3.64191
-4.01262 -4.01281
-4.04407 -4.04187
-3.96403 -3.96374
-4.05053 -4.05419
-3.98317 -3.98122
-4.03983 -4.04581
-3.98979 -3.98936
-4.02773 -4.0257
-3.99121 -3.99347
-3.93254 -3.9318
-4.02572 -4.02049
-4.02198 -4.01914
-3.99617 -3.99422
-3.99085 -3.98992
-4.12311 -4.12477
-3.68781 -3.6885
-4.00006 -3.99732
-3.9699 -3.96833
-4.12621 -4.12801
-3.93694 -3.93472
-4.13618 -4.13664
-4.09447 -4.09828
-3.99675 -3.99773
-3.63841 -3.63792
-4.10103 -4.09995
-3.98264 -3.97958
-3.67744 -3.67697
-3.67491 -3.67727
-3.63252 -3.63104
-3.86008 -3.85893
-3.91769 -3.9128
-3.7432 -3.74611
-4.00595 -4.00384
-3.96288 -3.96493
-3.90608 -3.90337
-3.94024 -3.93879
-4.07771 -4.07538
-3.63202 -3.62759
-3.87684 -3.87504
-4.12131 -4.12306
-4.01874 -4.01392
-3.81989 -3.81978
-3.9744 -3.9754
-4.1234 -4.12566
-4.06222 -4.06537
-4.03112 -4.03382
-4.04724 -4.0501
-4.10457 -4.10714
-4.0274 -4.02523
-4.00349 -4.0041
-3.67529 -3.67835
-3.93884 -3.94052
-3.66545 -3.66458
-4.01926 -4.01826
-3.66374 -3.66133
-4.09993 -4.09989
-4.12958 -4.13222
-4.06163 -4.06548
-4.00627 -4.00491
-3.95175 -3.94909
-4.03899 -4.03508
-3.66055 -3.66342
-3.99784 -3.9974
-4.11093 -4.10966
-3.94473 -3.94472
-3.6733 -3.67338
-3.66779 -3.66662
-3.68265 -3.68058
-4.12823 -4.12739
-4.09291 -4.08963
-3.97607 -3.97164
-4.10939 -4.11118
-3.93213 -3.93007
-3.90811 -3.90542
-3.69104 -3.6874
-3.99253 -3.98984
-3.97885 -3.97561
-3.83179 -3.8274
-3.6292 -3.63577
-4.12575 -4.12751
-3.65524 -3.65268
-3.94327 -3.94498
-3.99201 -3.9916
-3.97983 -3.98288
-3.6721 -3.67557
-4.1088 -4.1095
-3.963 -3.96247
-3.9559 -3.95367
-3.71478 -3.71409
-3.651 -3.64559
-4.01986 -4.02382
-4.01984 -4.02446
-4.06903 -4.06938
-3.67697 -3.67577
-3.65922 -3.6659
-3.93196 -3.92899
-4.09693 -4.0959
-4.11252 -4.11462
-3.86021 -3.85876
-4.02184 -4.01957
-4.03989 -4.03571
-3.70281 -3.70338
-3.64328 -3.64196
-3.87896 -3.87674
-3.94889 -3.95325
-4.0727 -4.07394
-3.93647 -3.93609
-4.12391 -4.12497
-3.74254 -3.74084
-3.66201 -3.65896
-4.00339 -4.00549
-4.09356 -4.09416
-4.11221 -4.11093
-3.97166 -3.97134
-3.67464 -3.67312
-4.08118 -4.08439
-3.98678 -3.98688
-4.0884 -4.08654
-4.07856 -4.07599
-3.95868 -3.96031
-3.97158 -3.97234
-4.12224 -4.12297
-4.02425 -4.02062
-3.67553 -3.67853
-3.99502 -3.99244
-3.93515 -3.9365
-3.93364 -3.93241
-4.12546 -4.12724
-4.12705 -4.12595
-3.93711 -3.93793
-4.10886 -4.11153
-4.09328 -4.09832
-4.02505 -4.02726
-3.96206 -3.9626
-3.76113 -3.7592
-3.95179 -3.95055
-3.68721 -3.68942
-4.0771 -4.07495
-3.62969 -3.63291
-3.85533 -3.85474
-4.06282 -4.06582
-4.09943 -4.10204
-3.81943 -3.82375
-4.12387 -4.12535
-4.06938 -4.07374
-4.0969 -4.09997
-3.92153 -3.92409
-3.7873 -3.78639
-4.06578 -4.07045
-3.97135 -3.9708
-3.94994 -3.94876
-3.6608 -3.66405
-3.64125 -3.64069
-4.1244 -4.126
-4.08617 -4.09068
-4.08645 -4.08994
-3.67807 -3.67846
-3.70152 -3.70341
-4.05376 -4.05364
-3.95242 -3.9518
-4.07432 -4.07159
-3.95603 -3.95402
-3.98578 -3.98568
-4.13573 -4.13722
-4.00627 -4.00458
-3.99827 -3.99838
-3.97248 -3.97017
-3.69912 -3.70193
-3.63347 -3.63676
-3.93457 -3.93336
-3.91906 -3.91834
-4.05645 -4.05303
-3.66956 -3.6701
-3.90402 -3.9017
-3.97762 -3.97423
-3.92427 -3.92114
-3.98631 -3.98075
-4.0351 -4.03803
-3.67204 -3.67055
-4.13117 -4.13237
-4.06549 -4.06439
-4.07584 -4.07402
-3.87271 -3.87082
-4.1057 -4.10811
-4.03327 -4.0371
-4.03983 -4.03572
-3.65233 -3.6452
-3.66772 -3.66547
-4.01438 -4.01556
-4.01518 -4.01863
-3.97883 -3.98377
-4.03803 -4.04182
-3.97962 -3.97931
-3.89904 -3.90011
-3.97729 -3.97501
-3.90911 -3.90784
-3.93736 -3.93202
-3.67561 -3.68237
-3.69274 -3.69111
-4.09879 -4.10004
-3.66675 -3.66658
-4.07281 -4.07099
-3.66497 -3.66832
-3.99708 -3.99284
-3.67543 -3.67682
-4.10987 -4.11236
-3.75412 -3.75656
-3.61351 -3.60949
-3.87717 -3.87173
-4.09354 -4.09158
-3.99351 -3.99314
-3.9224 -3.92195
-4.02005 -4.01787
-3.67519 -3.67154
-3.96995 -3.97028
-3.68979 -3.69051
-4.13266 -4.13366
-3.62106 -3.62097
-4.02696 -4.03048
-4.12343 -4.12463
-4.12884 -4.13069
-3.9678 -3.9674
-3.93591 -3.93148
-4.03139 -4.03389
-3.95627 -3.95509
-3.94627 -3.9457
-4.0994 -4.10208
-4.09468 -4.09804
-3.94589 -3.94715
-3.62939 -3.63249
-3.67202 -3.67954
-4.10092 -4.10382
-4.06676 -4.0649
-4.09387 -4.09209
-3.89846 -3.89855
-3.91375 -3.91082
-3.93542 -3.93269
-4.07069 -4.06848
-4.09488 -4.09598
-3.72219 -3.72228
-3.96805 -3.96777
-3.97654 -3.97378
-3.9419 -3.94053
-4.12137 -4.12305
-3.64046 -3.63645
-4.03406 -4.03796
-3.68837 -3.69158
-3.66884 -3.66795
-3.89944 -3.89998
-3.66896 -3.66365
-4.00932 -4.01272
-3.97462 -3.97455
-3.9461 -3.94469
-3.86938 -3.86779
-3.97862 -3.97605
-3.91726 -3.91776
-4.05139 -4.04976
-4.09486 -4.09306
-4.09301 -4.09668
-3.68086 -3.6794
-3.93843 -3.93973
-3.97745 -3.97463
-4.03531 -4.03976
-3.66828 -3.67337
-4.05777 -4.06053
-4.1064 -4.10483
-3.72322 -3.72258
-4.10296 -4.10101
-3.68572 -3.68658
-3.9852 -3.98842
-4.03664 -4.03812
-4.12482 -4.12377
-3.90486 -3.9026
-4.03504 -4.03815
-3.84919 -3.84569
-3.94061 -3.94159
-4.01596 -4.01877
-4.00312 -4.00329
-3.8886 -3.88556
-3.62748 -3.62256
-4.05191 -4.05724
-3.6609 -3.65867
-3.81327 -3.812
-3.9325 -3.93353
-4.12929 -4.1318
-3.97222 -3.96839
-3.7093 -3.71473
-4.13076 -4.13164
-4.0009 -3.99697
-4.00699 -4.00386
-3.91888 -3.91542
-4.03205 -4.0374
-4.04851 -4.04671
-4.06438 -4.06251
-4.04156 -4.0467
-4.1145 -4.11295
-4.11378 -4.11287
-3.62958 -3.62768
-3.77331 -3.7735
-4.09915 -4.09685
-3.8919 -3.89052
-4.04298 -4.04654
-3.67262 -3.67055
-4.14308 -4.14572
-3.70383 -3.70712
-3.64148 -3.63936
-3.72384 -3.72527
-4.04793 -4.05136
-4.11112 -4.11355
-3.99766 -3.99659
-3.96314 -3.96133
-3.88048 -3.87826
-3.7988 -3.79841
-4.0995 -4.09672
-4.04238 -4.04118
-4.08038 -4.08385
-3.69037 -3.69123
-4.03591 -4.03315
-4.06481 -4.06231
-3.95373 -3.95185
-3.99858 -4.00059
-3.65793 -3.65581
-4.09366 -4.09756
-4.00462 -4.00183
-3.67985 -3.68478
-3.84565 -3.84203
-3.97082 -3.97445
-4.09476 -4.09757
-3.89794 -3.8952
-4.09837 -4.10128
-3.98835 -3.98752
-3.68579 -3.68744
-3.96544 -3.9616
-4.12589 -4.125
-4.06559 -4.06347
-3.68856 -3.68887
-4.13888 -4.13979
-3.63611 -3.63361
-3.70723 -3.70009
-3.93432 -3.93318
-4.05128 -4.0489
-4.12562 -4.1245
-3.96378 -3.96067
-4.07442 -4.07239
-3.97159 -3.96914
-3.97895 -3.97918
-3.62455 -3.62495
-4.06453 -4.06795
-3.97811 -3.97437
-4.11389 -4.11283
-3.96216 -3.96382
-4.12607 -4.12774
-3.62592 -3.62882
-3.97329 -3.97248
-3.64999 -3.64711
-3.83378 -3.82996
-3.94745 -3.95037
-3.68159 -3.68917
-3.66502 -3.66033
-4.02457 -4.02811
-4.06455 -4.06761
-3.66985 -3.66889
-4.02589 -4.02264
-3.63393 -3.63558
-4.13287 -4.13181
-3.96058 -3.95881
-3.95604 -3.95878
-3.98213 -3.98333
-3.97374 -3.97027
-3.64826 -3.64409
-3.66505 -3.66002
-4.08975 -4.09318
-3.6435 -3.64027
-3.90735 -3.90581
-4.0309 -4.0286
-3.98035 -3.97841
-3.97298 -3.97005
-4.08626 -4.08964
-3.63285 -3.6295
-3.64924 -3.64983
-3.96161 -3.95961
-3.97297 -3.97233
-3.97667 -3.97567
-4.11498 -4.11367
-4.01282 -4.01231
-3.90193 -3.9013
-4.11666 -4.1169
-4.08771 -4.09042
-3.69722 -3.6975
-4.03841 -4.03965
-4.00681 -4.00647
-4.04637 -4.05079
-3.63644 -3.62943
-4.01014 -4.00857
-3.96192 -3.96277
-3.64721 -3.64259
-3.86269 -3.8618
-3.95969 -3.95893
-3.65995 -3.66416
-4.03005 -4.03212
-3.8918 -3.88624
-3.98695 -3.98439
-3.98602 -3.98328
-3.64816 -3.64435
-4.01304 -4.00964
-3.97309 -3.97466
-3.81477 -3.81087
-3.69497 -3.69742
-4.1146 -4.117
-3.87304 -3.87221
-3.98958 -3.98723
-4.01492 -4.01297
-3.67079 -3.67164
-3.95555 -3.95028
-3.82039 -3.81743
-4.11779 -4.11999
-4.02178 -4.01864
-3.6292 -3.63
-4.0391 -4.03541
-3.6509 -3.65185
-3.97599 -3.97265
-3.93743 -3.93614
-4.08581 -4.08943
-3.64224 -3.64524
-4.12009 -4.12207
-4.10268 -4.10078
-4.0287 -4.03009
-3.6225 -3.62499
-3.70409 -3.70072
-4.08804 -4.0912
-3.65669 -3.65898
-4.1316 -4.13421
-3.97673 -3.97587
-3.69064 -3.69026
-3.89497 -3.89557
-3.9968 -3.99856
-4.0393 -4.04403
-4.07531 -4.07852
-4.14298 -4.1454
-3.7011 -3.70114
-3.93284 -3.92788
-3.95828 -3.95776
-3.9833 -3.98514
-4.03648 -4.03194
-4.0597 -4.05781
-4.07958 -4.08373
-4.10847 -4.10871
-4.12123 -4.12362
-4.02932 -4.02513
-3.90412 -3.90449
-4.00906 -4.00561
-3.92414 -3.92065
-3.66417 -3.66241
-3.92976 -3.9264
-3.65315 -3.65062
-3.95754 -3.95452
-3.97421 -3.97032
-4.10893 -4.1076
-4.0978 -4.10042
-3.7297 -3.73202
-3.71353 -3.71578
-4.11082 -4.10938
-3.65849 -3.66062
-3.67006 -3.66997
-4.07959 -4.08262
-4.02622 -4.02417
-4.01231 -4.0104
-3.72398 -3.72473
-4.02595 -4.02832
-4.00161 -4.00235
-3.69392 -3.69281
-4.10732 -4.10985
-4.04905 -4.04692
-3.93951 -3.94037
-4.06913 -4.06641
-3.6622 -3.6612
-3.99376 -3.99581
-3.71075 -3.70315
-4.12639 -4.12817
-4.11384 -4.11272
-3.90824 -3.90462
-3.67766 -3.67527
-3.95933 -3.95696
-4.10133 -4.10451
-4.10882 -4.11132
-4.13395 -4.13282
-4.08999 -4.08845
-4.12321 -4.12568
-3.65606 -3.65811
-3.64674 -3.64801
-3.68466 -3.68966
-3.69419 -3.69636
-4.03483 -4.03413
-4.00502 -4.00312
-3.99707 -3.99516
-3.98818 -3.98623
-4.06946 -4.0722
-4.06675 -4.06976
-3.80082 -3.79734
-3.68091 -3.68415
-4.00726 -4.00556
-4.07647 -4.07651
-3.93075 -3.928
-3.96815 -3.96756
-4.00402 -4.00393
-4.11068 -4.1131
-4.00173 -4.00214
-3.92653 -3.92366
-3.99679 -3.9973
-4.03276 -4.03695
-3.69 -3.68548
-3.66047 -3.66032
-4.00087 -4.00348
-4.05735 -4.05738
-4.10906 -4.1076
-3.70181 -3.70267
-3.65476 -3.65096
-3.67095 -3.6696
-3.69491 -3.69822
-3.99308 -3.99222
-3.89605 -3.89242
-3.94022 -3.93672
-4.02849 -4.02554
-4.03963 -4.04185
-3.99026 -3.98882
-3.82465 -3.82134
-3.84601 -3.84243
-4.01253 -4.01058
-4.03988 -4.03505
-3.63808 -3.64023
-3.96295 -3.96095
-3.67997 -3.68305
-3.96062 -3.95913
-3.66302 -3.65841
-4.13046 -4.12945
-3.84123 -3.83714
-4.06834 -4.0664
-3.92688 -3.9259
-3.94456 -3.94308
-3.71987 -3.72136
-4.00659 -4.00792
-3.63023 -3.62579
-4.03403 -4.03144
-3.67341 -3.67122
-3.94327 -3.94148
-4.0214 -4.02272
-4.04571 -4.0484
-4.02139 -4.02416
-4.04952 -4.05309
-3.86989 -3.86867
-3.69534 -3.69572
-4.01174 -4.01454
-4.05775 -4.05517
-4.11902 -4.12235
-3.88277 -3.88057
-3.66638 -3.66504
-4.12966 -4.13039
-3.72055 -3.7212
-3.96582 -3.96593
-3.69289 -3.69518
-3.97699 -3.97645
-4.08401 -4.0802
-4.04854 -4.05347
-4.1323 -4.13475
-4.0921 -4.0955
-4.10384 -4.1065
-3.93539 -3.93346
-3.67609 -3.67669
-4.00604 -4.00172
-3.69398 -3.69984
-3.96516 -3.96202
-3.97315 -3.97588
-3.9213 -3.92017
-3.97693 -3.97636
-3.65552 -3.65568
-4.01718 -4.01392
-3.98554 -3.98426
-3.68865 -3.68765
-4.08068 -4.08446
-4.0253 -4.02942
-4.05306 -4.05767
-4.12356 -4.12224
-4.06672 -4.07124
-3.62827 -3.63094
-3.719 -3.71996
-3.96898 -3.96885
-3.97887 -3.97867
-3.92605 -3.92501
-4.12691 -4.12952
-3.66839 -3.66959
-4.11879 -4.12065
-4.00598 -4.008
-3.67425 -3.6729
-4.00155 -4.00194
-3.97173 -3.96867
-4.12562 -4.12641
-3.90958 -3.90903
-4.11355 -4.11582
-4.0994 -4.09647
-3.66611 -3.66224
-4.09057 -4.09309
-3.96421 -3.96313
-3.98128 -3.98253
-4.04395 -4.04655
-3.70726 -3.71281
-3.65039 -3.65156
-3.95169 -3.94915
-4.11256 -4.11147
-4.00251 -3.99884
-3.79175 -3.79068
-4.00662 -4.00649
-3.67929 -3.68455
-3.66899 -3.66848
-4.0808 -4.07903
-4.12994 -4.1289
-3.96353 -3.96273
-4.12547 -4.12452
-3.6487 -3.64231
-4.01124 -4.00975
-4.06074 -4.06407
-3.96471 -3.96365
-4.09855 -4.10108
-3.66688 -3.66535
-4.07591 -4.07554
-3.96778 -3.9654
-3.63794 -3.63948
-4.11446 -4.11306
-3.93862 -3.93752
-4.05158 -4.04877
-3.92832 -3.92464
-3.97874 -3.97447
-3.99646 -3.99421
-4.07116 -4.0745
-3.92914 -3.9293
-3.9546 -3.95527
-3.99436 -3.99028
-3.67067 -3.67689
-4.0327 -4.03672
-3.67883 -3.67839
-3.65306 -3.65497
-3.8229 -3.82011
-4.10355 -4.10598
-4.05846 -4.05473
-3.94835 -3.94748
-4.10672 -4.10576
-3.77797 -3.77874
-4.01057 -4.01522
-3.95391 -3.95287
-3.92328 -3.92118
-3.94619 -3.94333
-4.07881 -4.07568
-3.93657 -3.93541
-3.65131 -3.64828
-4.09246 -4.09567
-3.95488 -3.95388
-4.0856 -4.08339
-4.02347 -4.02654
-3.96888 -3.96765
-3.93863 -3.93434
-4.07627 -4.07297
-3.99353 -3.99178
-4.07901 -4.08139
-3.98544 -3.98041
-4.06668 -4.06281
-3.93447 -3.9353
-4.08338 -4.08023
-4.09085 -4.09369
-3.69711 -3.69768
-3.69687 -3.69211
-4.12065 -4.12157
-3.65745 -3.66098
-3.65982 -3.65596
-3.61993 -3.62202
-4.13376 -4.13238
-3.95486 -3.95468
-3.98578 -3.98437
-3.71728 -3.71644
-4.11519 -4.11352
-3.95934 -3.96041
-3.67364 -3.67616
-4.00099 -3.99985
-4.12464 -4.12615
-4.06575 -4.06922
-4.08391 -4.08661
-3.65278 -3.65436
-3.65335 -3.64775
-3.66625 -3.6638
-4.05947 -4.05832
-3.93826 -3.93677
-3.65709 -3.65954
-4.04794 -4.0506
-3.6713 -3.67157
-3.97593 -3.97599
-4.04332 -4.04801
-4.02887 -4.02448
-3.9763 -3.97331
-4.0322 -4.03637
-4.00455 -4.00357
-3.98832 -3.99071
-4.06739 -4.06354
-4.06633 -4.06987
-4.11755 -4.12069
-4.09452 -4.09819
-3.79129 -3.79231
-3.81598 -3.81082
-4.07959 -4.08287
-3.9316 -3.93282
-3.80263 -3.80015
-4.03394 -4.03106
-4.08738 -4.09014
-4.115 -4.11414
-4.12128 -4.11948
-3.70273 -3.69809
-4.05893 -4.06394
-4.03769 -4.03992
-3.97308 -3.97372
-3.96268 -3.96325
-3.92199 -3.9247
-3.64013 -3.64373
-4.06839 -4.07259
-4.12963 -4.12725
-4.12847 -4.12718
-4.00403 -4.00129
-4.00575 -4.00665
-3.9857 -3.98583
-4.04536 -4.04416
-4.12041 -4.11945
-4.10876 -4.10756
-4.12297 -4.12182
-4.07545 -4.07534
-3.99804 -3.99792
-4.14041 -4.14168
-4.09408 -4.09675
-4.09482 -4.09749
-3.63923 -3.63683
-4.12306 -4.12177
-3.70623 -3.71003
-4.07732 -4.07565
-3.62836 -3.62668
-4.07746 -4.07589
-3.94838 -3.94501
-3.93468 -3.93975
-3.70762 -3.7092
-3.63574 -3.63045
-4.00305 -3.99966
-4.1018 -4.10016
-3.67772 -3.6806
-3.65279 -3.65878
-3.76771 -3.76411
-3.97355 -3.96988
-4.12135 -4.12004
-3.99724 -3.99553
-4.02772 -4.02382
-3.66697 -3.66691
-4.05267 -4.05183
-4.05902 -4.06318
-4.01177 -4.01604
-3.66196 -3.65865
-4.06263 -4.05777
-4.05579 -4.0518
-4.14159 -4.14257
-4.13616 -4.13881
-3.68167 -3.68344
-3.64092 -3.64101
-3.93302 -3.93128
-3.67396 -3.67351
-3.91904 -3.9171
-3.91887 -3.91555
-3.91587 -3.91498
-3.69035 -3.69104
-4.12334 -4.12211
-4.00369 -4.00436
-3.6769 -3.68037
-4.06171 -4.06528
-4.07242 -4.07292
-4.06754 -4.06661
-4.1346 -4.13697
-3.98931 -3.98805
-3.95913 -3.95701
-3.66649 -3.66852
-4.05462 -4.05979
-3.67768 -3.6826
-4.11318 -4.11169
-3.68336 -3.68273
-3.68532 -3.69
-3.93648 -3.9337
-4.10343 -4.10136
-4.11929 -4.1212
-3.6499 -3.65004
-4.01306 -4.01912
-3.64329 -3.64059
-3.67552 -3.6747
-3.92818 -3.92674
-3.6714 -3.6694
-4.09841 -4.10166
-4.10455 -4.10311
-4.00384 -4.00395
-3.66326 -3.66466
-3.96914 -3.96917
-4.05612 -4.05232
-3.99605 -3.99139
-4.02899 -4.03242
-3.68234 -3.68478
-4.07846 -4.08201
-3.6728 -3.67282
-4.0145 -4.01274
-3.95749 -3.95591
-3.90034 -3.89752
-3.70655 -3.7088
-4.03245 -4.03062
-3.80933 -3.80614
-4.04053 -4.03887
-4.11506 -4.11841
-4.08524 -4.0862
-4.01163 -4.0124
-3.7782 -3.77474
-4.03679 -4.03218
-4.12239 -4.12109
-3.63386 -3.63568
-3.67263 -3.67699
-3.90297 -3.89992
-3.74296 -3.74284
-4.02552 -4.02885
-3.98018 -3.97859
-3.70778 -3.70729
-3.91237 -3.91403
-3.96454 -3.96417
-4.07254 -4.07636
-3.93362 -3.93387
-3.65157 -3.6487
-4.07676 -4.07495
-3.98501 -3.98549
-4.08065 -4.07794
-3.93909 -3.93753
-3.95882 -3.9572
-3.72333 -3.72402
-3.93537 -3.93382
-4.11452 -4.11645
-3.66561 -3.66414
-4.13022 -4.12903
-3.93086 -3.93124
-4.13967 -4.14015
-3.85496 -3.85319
-3.67265 -3.67118
-4.00998 -4.00928
-4.06995 -4.06955
-3.97187 -3.96746
-3.91604 -3.912
-3.9274 -3.92921
-4.01847 -4.01523
-4.02649 -4.0254
-3.64011 -3.63997
-4.12109 -4.12333
-3.96933 -3.97051
-3.629 -3.62469
-4.13716 -4.13538
-3.91517 -3.91559
-3.98387 -3.98405
-3.98535 -3.98959
-3.66604 -3.66807
-3.63737 -3.63549
-4.1428 -4.14411
-3.69887 -3.69529
-3.6804 -3.67814
-3.6648 -3.66408
-4.11534 -4.11814
-3.97592 -3.97578
-3.91483 -3.9122
-3.6726 -3.67538
-4.0405 -4.04399
-4.01385 -4.01196
-3.99624 -3.9989
-3.89288 -3.89179
-3.79398 -3.79755
-3.69617 -3.69385
-4.05277 -4.04977
-3.63763 -3.64003
-4.05379 -4.05127
-4.05254 -4.05174
-3.94258 -3.94796
-3.646 -3.64858
-4.04351 -4.04603
-4.04642 -4.05033
-4.10531 -4.10361
-3.63496 -3.63037
-4.03954 -4.04171
-3.89939 -3.89618
-4.08519 -4.08329
-4.08693 -4.08524
-3.73001 -3.73119
-3.6306 -3.63174
-3.89352 -3.89463
-4.0052 -4.00228
-4.02869 -4.03466
-4.1308 -4.13349
-4.03551 -4.03812
-4.08478 -4.08086
-3.62526 -3.62147
-3.66266 -3.66409
-3.95628 -3.95132
-3.68486 -3.68121
-3.99997 -3.99809
-3.66917 -3.66782
-4.12913 -4.12789
-4.09356 -4.09178
-4.04769 -4.04463
-3.94324 -3.94394
-3.68637 -3.68768
-3.96496 -3.96303
-3.98216 -3.9801
-4.08552 -4.08891
-3.94275 -3.94106
-3.97642 -3.98108
-4.07162 -4.07459
-3.92237 -3.92106
-3.66735 -3.66844
-3.97511 -3.97098
-4.10453 -4.10606
-4.0019 -4.0011
-3.69567 -3.69484
-4.13375 -4.13245
-3.98492 -3.98509
-4.08674 -4.08949
-4.09349 -4.09204
-3.93109 -3.92814
-3.89879 -3.89805
-4.01614 -4.01494
-4.00204 -4.002
-3.6915 -3.69187
-4.12389 -4.1256
-3.7376 -3.74141
-3.85981 -3.85945
-3.98105 -3.97813
-4.01158 -4.00906
-3.99353 -3.99375
-3.9476 -3.94602
-4.04637 -4.05051
-4.01321 -4.01912
-3.66179 -3.65865
-4.01455 -4.01769
-4.0499 -4.04705
-4.08708 -4.08525
-4.00069 -3.99783
-4.05109 -4.04831
-3.655 -3.65089
-3.91598 -3.9128
-3.71002 -3.70841
-3.66223 -3.65749
-3.74041 -3.73475
-4.08016 -4.08448
-3.94407 -3.94198
-4.03825 -4.04264
-3.94178 -3.94145
-4.03598 -4.03373
-3.67765 -3.68118
-3.62975 -3.6301
-4.1137 -4.11436
-4.02395 -4.02491
-4.13018 -4.13176
-3.68365 -3.68331
-3.95613 -3.95376
-3.68531 -3.68739
-3.98238 -3.98792
-4.09193 -4.09091
-4.06816 -4.06405
-3.98973 -3.98753
-4.03822 -4.03463
-3.6835 -3.68206
-3.94589 -3.9408
-3.92453 -3.92583
-4.01357 -4.01601
-3.6644 -3.66208
-4.0265 -4.02262
-3.95413 -3.95133
-4.11702 -4.11568
-3.73145 -3.73202
-4.09171 -4.09482
-4.01882 -4.02007
-4.03998 -4.03709
-3.82512 -3.8277
-3.66639 -3.66366
-3.89184 -3.8903
-3.95362 -3.95514
-3.6659 -3.66292
-3.64499 -3.64496
-3.94133 -3.93834
-4.01337 -4.0163
-4.09174 -4.09097
-4.02913 -4.02537
-4.07017 -4.07355
-4.07422 -4.07686
-3.94983 -3.94673
-3.63023 -3.62163
-3.70811 -3.71738
-4.02535 -4.02713
-4.04061 -4.03685
-4.13135 -4.13255
-3.69747 -3.69317
-4.03924 -4.03576
-3.98415 -3.98361
-3.64062 -3.64201
-3.92383 -3.92416
-3.65761 -3.66027
-3.70395 -3.70483
-3.9516 -3.95675
-4.04947 -4.04711
-4.11958 -4.11843
-4.11682 -4.11867
-4.13607 -4.13694
-4.00068 -3.99663
-4.09974 -4.10277
-3.93081 -3.92966
-4.04494 -4.04661
-3.67024 -3.667
-3.68095 -3.68324
-3.89443 -3.89604
-3.77849 -3.77825
-3.94727 -3.94744
-4.1341 -4.135
-3.66977 -3.66778
-4.02292 -4.02672
-3.94616 -3.94452
-3.71415 -3.71537
-3.69283 -3.69459
-4.08724 -4.09084
-4.09442 -4.09709
-4.00361 -4.00012
-4.10505 -4.10338
-3.65478 -3.65391
-4.02285 -4.02395
-3.69058 -3.68997
-3.86223 -3.86314
-4.10742 -4.10861
-4.07083 -4.07072
-4.10261 -4.09993
-4.12588 -4.12758
-3.99199 -3.99026
-3.93425 -3.93143
-3.82131 -3.81733
-3.6941 -3.69539
-4.05485 -4.05799
-3.67002 -3.67052
-4.08665 -4.08718
-4.12734 -4.12896
-3.65824 -3.65715
-3.7905 -3.79429
-3.63913 -3.64189
-4.12933 -4.12696
-4.06054 -4.06409
-4.12243 -4.1214
-4.08175 -4.07874
-3.68497 -3.69039
-4.10556 -4.10373
-3.99115 -3.98919
-3.95702 -3.95621
-3.67052 -3.6738
-3.93582 -3.93162
-4.13334 -4.13201
-4.08322 -4.08479
-3.94738 -3.94444
-3.9751 -3.97661
-3.70231 -3.70333
-4.0542 -4.04995
-4.00223 -4.00275
-3.62075 -3.62025
-4.10439 -4.10725
-3.96939 -3.96669
-4.02349 -4.02682
-3.95473 -3.95087
-4.0804 -4.0841
-4.11368 -4.11704
-3.67998 -3.68672
-4.12159 -4.12334
-4.00991 -4.01564
-3.66937 -3.6636
-4.07117 -4.06835
-3.8153 -3.81046
-3.90098 -3.9008
-3.68334 -3.68748
-4.03922 -4.03525
-3.67603 -3.67757
-4.10332 -4.10691
-3.69539 -3.69624
-3.96126 -3.95878
-4.1036 -4.10106
-4.0771 -4.07996
-3.93933 -3.93961
-4.12062 -4.11956
-4.08824 -4.08551
-4.00337 -4.00385
-3.98314 -3.9802
-4.09341 -4.09188
-3.92956 -3.92918
-3.71215 -3.71166
-4.03262 -4.03533
-3.96131 -3.95746
-4.1101 -4.1111
-3.93846 -3.93795
-3.9747 -3.97352
-3.63912 -3.64138
-3.99206 -3.99528
-4.06031 -4.05745
-3.68487 -3.68105
-4.07594 -4.07986
-3.6393 -3.64145
-3.91486 -3.91315
-3.64614 -3.64277
-4.00184 -3.99971
-3.98815 -3.98573
-4.13112 -4.1326
-4.00264 -4.00008
-4.03468 -4.03882
-4.13379 -4.13466
-4.03225 -4.03616
-4.04669 -4.05072
-3.95393 -3.95079
-4.09482 -4.09773
-3.99193 -3.99039
-3.96798 -3.96727
-3.87166 -3.87872
-4.08418 -4.08621
-4.10174 -4.10518
-4.08332 -4.08683
-3.95687 -3.95487
-4.11441 -4.11766
-4.01522 -4.01831
-4.1265 -4.12956
-3.6677 -3.671
-4.11346 -4.11608
-3.9553 -3.95158
-3.69013 -3.69072
-3.85385 -3.85049
-3.97253 -3.97076
-3.95246 -3.94766
-4.11188 -4.11086
-4.00694 -4.01241
-4.07468 -4.07259
-3.63663 -3.6379
-3.99113 -3.99454
-4.10487 -4.10767
-3.69445 -3.69525
-4.13207 -4.13088
-3.96509 -3.96509
-3.98596 -3.98284
-3.62731 -3.62185
-3.64749 -3.64873
-3.98011 -3.97863
-3.91961 -3.9202
-4.04005 -4.04664
-3.66196 -3.66508
-3.94607 -3.9432
-3.70149 -3.70305
-3.63704 -3.63589
-3.92842 -3.92527
-3.97805 -3.98369
-3.63862 -3.63828
-3.66249 -3.66347
-4.03925 -4.04253
-4.10573 -4.10934
-4.075 -4.07193
-4.09924 -4.10188
-3.64897 -3.64839
-4.06242 -4.06587
-4.00332 -4.00276
-4.00948 -4.00565
-4.028 -4.02608
-4.02888 -4.02705
-3.93539 -3.9338
-4.11809 -4.11882
-3.97283 -3.97396
-3.95612 -3.95522
-4.13487 -4.13362
-3.91928 -3.91649
-4.06889 -4.07073
-3.81147 -3.80822
-3.67104 -3.67602
-3.71643 -3.71809
-4.05988 -4.06347
-3.97494 -3.97638
-3.66412 -3.66848
-3.94872 -3.94675
-3.94017 -3.94157
-3.90537 -3.90001
-4.11528 -4.11358
-3.99337 -3.98925
-3.92557 -3.9244
-4.05075 -4.05366
-3.92497 -3.92364
-3.97773 -3.97578
-4.03275 -4.03382
-3.62947 -3.62448
-4.01576 -4.01302
-4.11635 -4.11726
-3.65177 -3.65079
-3.96305 -3.96678
-3.96829 -3.96734
-3.97705 -3.97881
-3.94933 -3.95012
-3.86314 -3.85829
-3.98951 -3.98833
-4.10052 -4.10287
-3.65068 -3.65473
-3.64631 -3.65002
-3.6344 -3.6355
-3.9247 -3.92326
-3.99174 -3.99002
-3.69264 -3.69516
-4.12748 -4.1263
-3.65485 -3.65364
-3.89361 -3.89516
-3.65241 -3.65217
-3.94785 -3.94607
-3.98971 -3.98598
-3.83317 -3.82793
-3.90598 -3.90457
-3.67782 -3.6778
-3.77307 -3.77479
-3.69534 -3.69625
-3.99376 -3.99118
-3.99903 -4.0024
-4.09534 -4.0938
-3.94473 -3.9419
-4.00359 -4.00233
-3.66493 -3.67332
-4.08764 -4.08759
-4.12589 -4.12463
-4.11988 -4.12233
-3.68633 -3.68644
-4.032 -4.03588
-3.64453 -3.64757
-3.97207 -3.9704
-4.05906 -4.0578
-3.97034 -3.96997
-3.66391 -3.66348
-3.69319 -3.69266
-3.70862 -3.717
-3.93515 -3.93331
-4.09452 -4.09808
-3.93753 -3.93541
-3.68044 -3.68521
-4.06644 -4.07046
-4.02467 -4.02087
-4.09823 -4.10193
-3.95656 -3.95234
-3.66782 -3.6685
-4.03896 -4.03645
-3.85231 -3.84701
-4.02715 -4.03151
-4.0778 -4.07566
-4.09771 -4.09646
-3.99999 -4.0032
-4.00699 -4.00333
-3.94822 -3.95055
-3.86672 -3.86235
-3.95183 -3.95259
-4.09122 -4.09527
-3.96965 -3.97126
-4.02493 -4.02866
-3.92544 -3.92293
-4.05466 -4.05224
-3.64787 -3.64764
-3.99624 -3.99408
-3.65427 -3.65253
-4.09376 -4.09772
-4.06259 -4.06581
-4.10169 -4.10064
-3.97825 -3.97612
-3.88774 -3.88323
-4.12361 -4.12453
-4.10263 -4.10187
-4.08838 -4.09148
-3.66983 -3.66839
-4.10618 -4.1042
-3.99214 -3.9938
-4.1249 -4.12376
-4.14268 -4.14387
-4.12006 -4.1184
-3.92323 -3.92277
-4.09744 -4.09568
-3.6882 -3.68883
-3.68774 -3.68926
-3.98306 -3.9799
-4.05714 -4.05934
-4.06503 -4.06975
-3.95243 -3.95178
-4.09794 -4.10113
-3.97932 -3.9779
-3.96269 -3.95956
-3.68852 -3.69071
-3.61718 -3.62005
-3.65083 -3.65518
-3.92754 -3.92536
-4.11609 -4.11464
-3.63988 -3.6415
-4.13993 -4.14201
-4.03169 -4.02832
-4.00704 -4.00991
-3.95507 -3.95394
-4.008 -4.00442
-3.90127 -3.89882
-4.03921 -4.03908
-3.97053 -3.96877
-3.70181 -3.71349
-4.06236 -4.06605
-4.00059 -3.99767
-4.02797 -4.03095
-3.71771 -3.71693
-3.98504 -3.98492
-4.11292 -4.11503
-3.98732 -3.98227
-4.13712 -4.1382
-3.63006 -3.63246
-4.12645 -4.12827
-3.97314 -3.96968
-4.02971 -4.03215
-3.6676 -3.67194
-3.97853 -3.98362
-3.9528 -3.94891
-3.91444 -3.91008
-3.67577 -3.67636
-4.14318 -4.14442
-3.64669 -3.64731
-3.66203 -3.66041
-4.04897 -4.04479
-3.65562 -3.65553
-4.05145 -4.05528
-4.03486 -4.03304
-3.99469 -3.99325
-4.05951 -4.06313
-3.67082 -3.67242
-3.66517 -3.66811
-4.08426 -4.08515
-4.12117 -4.1198
-3.78739 -3.78931
-3.65597 -3.65087
-3.99425 -3.99424
-4.13164 -4.13018
-4.05608 -4.05346
-3.67608 -3.67481
-3.64726 -3.65131
-4.13221 -4.13383
-3.66652 -3.66769
-4.00274 -3.99944
-4.00745 -4.01041
-4.10348 -4.10574
-4.07713 -4.08003
-3.6595 -3.66409
-4.13301 -4.13349
-3.86412 -3.86208
-3.94157 -3.94142
-4.12827 -4.12932
-3.69992 -3.69974
-3.80204 -3.80048
-4.02377 -4.01825
-3.67122 -3.66926
-3.65188 -3.65107
-4.06974 -4.06918
-3.64041 -3.6363
-3.66962 -3.66394
-4.04488 -4.04236
-4.1013 -4.10479
-4.07575 -4.07868
-3.66338 -3.66589
-3.63595 -3.63486
-3.97824 -3.97638
-4.0953 -4.09329
-3.93403 -3.93207
-4.04255 -4.04
-3.67974 -3.68254
-4.08348 -4.08686
-4.04001 -4.03796
-4.06337 -4.06687
-4.11829 -4.1212
-3.95735 -3.96029
-4.12571 -4.12483
-3.96 -3.95905
-3.96375 -3.96428
-3.66987 -3.67205
-4.06291 -4.06621
-3.65951 -3.66002
-3.63819 -3.63883
-4.01586 -4.01802
-4.04561 -4.04907
-3.6802 -3.68467
-4.13303 -4.13214
-4.13069 -4.12943
-3.91976 -3.91769
-3.69036 -3.69338
-4.04013 -4.04381
-3.95863 -3.9574
-3.99722 -3.99595
-4.06406 -4.06573
-3.68117 -3.68261
-4.05959 -4.06265
-3.93351 -3.9321
-3.661 -3.66358
-3.93976 -3.93952
-3.9037 -3.90287
-4.0062 -4.00371
-4.09064 -4.08827
-3.62763 -3.62699
-3.9993 -3.99929
-3.97333 -3.96915
-3.93198 -3.93465
-4.05082 -4.04966
-3.96218 -3.96257
-3.99793 -3.99695
-4.1069 -4.10556
-4.04543 -4.0478
-4.10178 -4.10436
-4.13062 -4.12922
-3.96007 -3.95929
-3.67203 -3.671
-4.05084 -4.05523
-4.01527 -4.01425
-4.0855 -4.08888
-4.00553 -4.00495
-3.95811 -3.96051
-3.9807 -3.97815
-3.83769 -3.83527
-4.13886 -4.14162
-3.97809 -3.97642
-3.90553 -3.90808
-4.08758 -4.08582
-4.06469 -4.06793
-3.98607 -3.98424
-3.86254 -3.86279
-4.09079 -4.08913
-4.02471 -4.02676
-4.10299 -4.1054
-4.13174 -4.13297
-3.88288 -3.87982
-3.68906 -3.68855
-3.8924 -3.88883
-3.6526 -3.65233
-4.05256 -4.05568
-3.90133 -3.90125
-3.63457 -3.63297
-4.03083 -4.03486
-3.95105 -3.95103
-4.13738 -4.14021
-4.07 -4.06867
-4.00737 -4.00518
-4.14195 -4.14436
-3.64205 -3.64025
-4.1026 -4.10063
-4.04911 -4.0535
-3.99784 -4.00225
-4.01006 -4.01006
-3.96574 -3.96182
-4.06836 -4.0661
-4.00621 -4.0037
-3.98449 -3.98161
-3.93242 -3.93097
-3.72216 -3.72581
-3.93823 -3.93912
-4.04762 -4.05147
-3.67047 -3.66626
-3.94645 -3.94783
-3.69333 -3.70004
-3.93019 -3.92567
-3.67566 -3.67528
-4.05651 -4.05303
-4.03803 -4.04233
-3.6647 -3.66502
-3.92429 -3.92041
-4.11242 -4.11334
-4.10967 -4.10823
-3.64746 -3.64768
-4.03794 -4.03984
-3.6428 -3.64072
-3.67399 -3.6738
-4.10481 -4.10241
-3.96991 -3.96919
-3.8077 -3.80829
-4.10717 -4.11014
-3.93479 -3.93599
-4.12987 -4.1313
-4.07147 -4.07512
-3.97243 -3.97065
-3.90366 -3.9036
-3.95165 -3.95325
-3.63435 -3.6308
-3.96245 -3.96414
-4.08089 -4.08477
-4.09103 -4.08907
-3.97242 -3.97078
-4.03304 -4.03481
-3.89452 -3.89308
-3.69635 -3.69904
-3.98983 -3.99068
-4.07433 -4.07819
-3.99836 -3.99585
-3.66789 -3.67421
-4.0483 -4.05069
-4.03488 -4.03071
-4.1278 -4.12654
-3.98905 -3.98577
-3.73363 -3.74003
-3.6383 -3.63255
-4.05599 -4.05098
-3.96567 -3.96173
-3.91578 -3.91472
-4.1032 -4.10095
-3.97877 -3.97756
-4.10271 -4.10112
-3.96068 -3.95746
-3.99462 -3.99303
-3.95531 -3.95463
-3.97833 -3.97818
-3.91929 -3.91636
-3.93926 -3.9401
-4.13277 -4.13132
-3.92541 -3.92258
-3.64942 -3.65194
-4.00263 -4.00506
-4.12635 -4.12922
-3.68736 -3.68993
-3.68706 -3.69133
-4.04277 -4.0457
-4.07919 -4.07642
-3.97273 -3.97391
-4.11025 -4.11337
-4.03399 -4.03116
-3.80626 -3.80659
-4.09586 -4.09325
-4.06209 -4.0597
-3.96844 -3.96622
-4.05845 -4.05573
-3.69068 -3.69181
-4.09102 -4.0946
-4.05593 -4.06029
-3.93248 -3.93157
-3.94624 -3.94774
-4.12308 -4.12499
-3.87174 -3.86798
-3.62939 -3.63208
-4.06015 -4.05812
-3.67482 -3.67296
-3.66488 -3.6585
-3.96547 -3.96497
-3.66229 -3.66288
-4.10457 -4.10772
-3.9089 -3.90699
-4.01434 -4.01136
-3.893 -3.89072
-3.69058 -3.68741
-4.03436 -4.03141
-4.00929 -4.00733
-3.64721 -3.65211
-3.887 -3.88703
-4.04938 -4.05146
-3.93856 -3.93936
-3.91114 -3.90716
-3.99956 -4.00307
-3.67012 -3.66618
-4.12415 -4.12578
-4.02402 -4.02189
-4.1135 -4.11216
-3.92881 -3.92748
-4.05885 -4.05655
-4.07064 -4.07324
-3.97228 -3.96903
-4.09383 -4.09142
-3.64669 -3.64466
-4.10143 -4.1044
-4.0868 -4.08322
-4.11315 -4.11519
-3.68942 -3.68888
-4.11231 -4.11042
-4.12029 -4.12237
-4.1104 -4.11305
-4.04801 -4.05109
-3.66474 -3.66393
-4.02004 -4.02417
-4.08866 -4.08653
-3.66701 -3.67015
-3.66248 -3.66683
-4.10032 -4.09777
-3.68803 -3.6921
-3.91822 -3.92134
-3.68212 -3.67886
-3.63141 -3.6264
-3.67721 -3.67701
-3.80851 -3.80922
-4.09278 -4.09624
-3.70121 -3.70595
-3.68629 -3.68808
-3.95025 -3.949
-3.65324 -3.65517
-4.07366 -4.07667
-3.67124 -3.67001
-4.00585 -4.01047
-3.65265 -3.65025
-3.63799 -3.63343
-3.67164 -3.67032
-4.0739 -4.07593
-3.97295 -3.97271
-3.89571 -3.89514
-3.6598 -3.66274
-3.67539 -3.67467
-4.03178 -4.03438
-3.66598 -3.66931
-4.08212 -4.07782
-3.96928 -3.96632
-3.87586 -3.87236
-4.11197 -4.11077
-3.6776 -3.67694
-4.0526 -4.05483
-4.00046 -3.99903
-3.89945 -3.89725
-3.72415 -3.72276
-3.9314 -3.93176
-4.10531 -4.1042
-4.03585 -4.04026
-3.96732 -3.96711
-3.68946 -3.69062
-3.65766 -3.65699
-4.09542 -4.0986
-3.70404 -3.70963
-3.86212 -3.86173
-3.69321 -3.69206
-3.94933 -3.9495
-3.94694 -3.94727
-3.99224 -3.98946
-3.67022 -3.66794
-3.64251 -3.63934
-3.95964 -3.95766
-3.98647 -3.98335
-3.67415 -3.66879
-4.0479 -4.04893
-4.03705 -4.03454
-4.01758 -4.01393
-4.12631 -4.12495
-4.00644 -4.00261
-3.92065 -3.91953
-3.64645 -3.64609
-4.09424 -4.09062
-4.09591 -4.09588
-4.04536 -4.04107
-3.66713 -3.66703
-4.12399 -4.12264
-3.87852 -3.87582
-3.95775 -3.95811
-4.06488 -4.06929
-3.67293 -3.67023
-3.60809 -3.60597
-3.69757 -3.69699
-4.05593 -4.05484
-3.62832 -3.63053
-3.85718 -3.85741
-3.67073 -3.67649
-3.97761 -3.97324
-4.11525 -4.11366
-4.0354 -4.03494
-3.64473 -3.63973
-4.11232 -4.11437
-3.94122 -3.93674
-3.60985 -3.60963
-3.68495 -3.68298
-3.77531 -3.77679
-3.97886 -3.97733
-3.82174 -3.81788
-3.95316 -3.95238
-3.9424 -3.93999
-3.95724 -3.95526
-3.93616 -3.9331
-4.05574 -4.05941
-4.1168 -4.1192
-4.08969 -4.09348
-3.66493 -3.67089
-3.89721 -3.89761
-3.64226 -3.64133
-3.67808 -3.67259
-3.98463 -3.98381
-3.94638 -3.94488
-3.67935 -3.67974
-3.97161 -3.96882
-3.67497 -3.67329
-3.94582 -3.94178
-4.07903 -4.08261
-3.92635 -3.92679
-3.99505 -3.99771
-3.72202 -3.7219
-3.87704 -3.87639
-3.87209 -3.86805
-3.66727 -3.66136
-4.11178 -4.11258
-4.00569 -4.00406
-3.96125 -3.95821
-3.99329 -3.98938
-4.05335 -4.04998
-3.93434 -3.93237
-4.09275 -4.09561
-4.05547 -4.05309
-3.68123 -3.68348
-4.04376 -4.04255
-3.63868 -3.63739
-4.04132 -4.04004
-4.03394 -4.03176
-3.69905 -3.70128
-4.10689 -4.10536
-3.9744 -3.97462
-3.6487 -3.65053
-3.74143 -3.74206
-3.68155 -3.68433
-4.10202 -4.1011
-3.98325 -3.98017
-3.68335 -3.69107
-3.65377 -3.65539
-3.71673 -3.72048
-3.9078 -3.90553
-4.08515 -4.08922
-3.89736 -3.89645
-3.7213 -3.72846
-3.65543 -3.65412
-3.96997 -3.97238
-3.9498 -3.94657
-3.67114 -3.67413
-3.95229 -3.94998
-3.64275 -3.64718
-3.87114 -3.86857
-4.04706 -4.04393
-3.65208 -3.6507
-3.66498 -3.6624
-3.90818 -3.90538
-3.94777 -3.94715
-4.08068 -4.08423
-4.11377 -4.11631
-3.69201 -3.69349
-4.03061 -4.02769
-4.12399 -4.12275
-3.69018 -3.68571
-4.02667 -4.03052
-4.03845 -4.03569
-3.62731 -3.62897
-4.02521 -4.02768
-3.88876 -3.88709
-3.99704 -3.99479
-3.6435 -3.64179
-3.94406 -3.94319
-3.95493 -3.95444
-3.93457 -3.93243
-3.86393 -3.86143
-3.66458 -3.6595
-3.95254 -3.95327
-4.07979 -4.08454
-4.08971 -4.08857
-4.00285 -4.00082
-3.66461 -3.66618
-4.02381 -4.0184
-3.98664 -3.9857
-4.09022 -4.09335
-3.98878 -3.98899
-3.67742 -3.67673
-4.09973 -4.10222
-4.09899 -4.09907
-3.69237 -3.69405
-4.04615 -4.04856
-4.06048 -4.05585
-3.62763 -3.6272
-3.91238 -3.90759
-3.98474 -3.98355
-4.01955 -4.01892
-3.648 -3.64669
-3.99262 -3.99055
-4.02843 -4.02676
-3.9388 -3.93662
-3.65986 -3.65931
-3.99878 -3.99587
-3.79551 -3.79729
-3.98549 -3.9866
-4.0652 -4.06124
-3.68576 -3.69055
-3.96591 -3.96704
-3.99567 -3.99166
-3.9218 -3.92238
-4.08435 -4.08849
-4.00852 -4.00605
-4.00028 -3.9976
-3.6665 -3.67484
-3.64344 -3.64545
-3.96612 -3.96547
-3.86616 -3.86437
-3.64359 -3.64474
-4.0055 -4.0028
-3.64926 -3.64531
-3.95093 -3.94885
-4.03497 -4.03132
-3.98243 -3.98015
-4.00749 -4.00554
-3.94546 -3.947
-4.04517 -4.0493
-3.73167 -3.73507
-3.94613 -3.94174
-3.90589 -3.90331
-4.00323 -4.00418
-3.99065 -3.98573
-4.12477 -4.12681
-3.88768 -3.88806
-4.11664 -4.11711
-3.96253 -3.96266
-3.64246 -3.6421
-4.0876 -4.08536
-4.11706 -4.11952
-3.94783 -3.9448
-4.08179 -4.08173
-4.03446 -4.0383
-4.12468 -4.12654
-3.65535 -3.65976
-4.11625 -4.11878
-4.04405 -4.04177
-3.70029 -3.70454
-4.10178 -4.10426
-3.93439 -3.93215
-3.64726 -3.64485
-3.64341 -3.64975
-4.11167 -4.11067
-3.68503 -3.68443
-3.96513 -3.95954
-3.96873 -3.96637
-4.0986 -4.09986
-4.10801 -4.10612
-3.86663 -3.86319
-3.64845 -3.64998
-3.66844 -3.67127
-4.05688 -4.06269
-3.79589 -3.79208
-4.12469 -4.1233
-4.0161 -4.01797
-3.68564 -3.69072
-3.80847 -3.80717
-3.6636 -3.66077
-4.11297 -4.11149
-3.96402 -3.96055
-3.63982 -3.6348
-4.10201 -4.10556
-4.06608 -4.07
-4.08065 -4.08468
-3.93672 -3.93372
-4.01159 -4.01273
-3.96687 -3.96558
-3.67169 -3.67464
-4.01955 -4.01825
-3.91847 -3.92013
-4.00083 -3.9983
-4.09079 -4.09414
-3.71808 -3.72124
-4.07428 -4.07263
-3.7012 -3.70397
-4.09057 -4.09298
-3.94324 -3.94473
-4.13931 -4.14174
-3.99415 -3.98997
-4.116 -4.11423
-4.00099 -4.00302
-4.03042 -4.02641
-3.68916 -3.69002
-3.96075 -3.95866
-3.96914 -3.96962
-4.02122 -4.01912
-3.96543 -3.96332
-3.63628 -3.62822
-4.0724 -4.07487
-4.13125 -4.13274
-3.64185 -3.64336
-4.11879 -4.1219
-3.94253 -3.94385
-3.92127 -3.92155
-3.9978 -3.99311
-3.96865 -3.96801
-4.03051 -4.03404
-3.65833 -3.66368
-3.97136 -3.971
-3.88333 -3.87911
-4.13222 -4.13081
-3.6644 -3.66612
-3.89939 -3.90143
-3.63642 -3.6374
-3.98606 -3.98457
-4.06258 -4.06689
-3.65829 -3.66364
-3.99445 -3.99684
-3.93654 -3.93945
-4.07015 -4.07341
-4.12315 -4.12483
-3.68005 -3.68417
-4.0787 -4.07591
-3.78789 -3.78626
-3.64364 -3.64217
-4.11762 -4.11983
-3.67661 -3.68011
-3.67217 -3.67595
-3.93147 -3.92924
-3.82197 -3.81944
-3.92501 -3.92652
-4.06326 -4.06019
-3.92788 -3.92549
-3.97507 -3.9745
-4.06006 -4.06503
-3.98022 -3.97714
-3.95754 -3.9558
-3.98034 -3.97846
-3.93225 -3.93188
-4.11495 -4.11395
-3.96959 -3.97016
-3.66552 -3.66969
-3.66917 -3.67373
-3.98513 -3.98468
-4.0316 -4.03169
-4.00836 -4.00614
-4.01651 -4.02087
-3.67362 -3.67315
-4.09027 -4.09057
-4.11693 -4.11894
-4.04921 -4.05241
-4.04454 -4.04791
-3.65361 -3.657
-4.1251 -4.12728
-3.98735 -3.98537
-4.04697 -4.0441
-3.79046 -3.78853
-4.04277 -4.04544
-3.9907 -3.99227
-4.10556 -4.10457
-4.02813 -4.02489
-4.1157 -4.11816
-3.91834 -3.92069
-4.11646 -4.11989
-4.13781 -4.14009
-4.12283 -4.12186
-3.70974 -3.71144
-3.65611 -3.65981
-3.96962 -3.96381
-3.96158 -3.96182
-4.06263 -4.06598
-4.014 -4.01647
-3.67681 -3.68115
-4.07019 -4.06716
-3.97653 -3.979
-3.85522 -3.85085
-4.08281 -4.0849
-3.93596 -3.93186
-3.65377 -3.65652
-4.04503 -4.04711
-4.02606 -4.02361
-4.06783 -4.07097
-4.01738 -4.01574
-3.91142 -3.91522
-4.06576 -4.0621
-3.97643 -3.9797
-3.98573 -3.98344
-4.09714 -4.096
-3.95115 -3.94947
-3.63423 -3.63192
-4.10492 -4.10678
-3.89092 -3.88747
-3.96773 -3.96764
-3.974 -3.97086
-3.95522 -3.95477
-4.03382 -4.03172
-3.90895 -3.90975
-3.6563 -3.65445
-4.12041 -4.12255
-3.98485 -3.9847
-3.65933 -3.65838
-3.96105 -3.96124
-4.03016 -4.02836
-3.68991 -3.68364
-3.95528 -3.95534
-3.91608 -3.9136
-3.69982 -3.70392
-3.98898 -3.98864
-3.9832 -3.98221
-3.69046 -3.6906
-4.03609 -4.03262
-3.88501 -3.87971
-4.12129 -4.12309
-3.67401 -3.6745
-4.02094 -4.01822
-4.08137 -4.08427
-3.6467 -3.64426
-3.66497 -3.6646
-3.69328 -3.68861
-3.91795 -3.91451
-4.09809 -4.10181
-3.68543 -3.68677
-4.11436 -4.11292
-4.09805 -4.09609
-3.66684 -3.66501
-3.65174 -3.6543
-3.64804 -3.64877
-4.05667 -4.05345
-4.1023 -4.10537
-3.68189 -3.68437
-4.05856 -4.05562
-3.99588 -3.99354
-4.11385 -4.11456
-3.71791 -3.71789
-4.09154 -4.09401
-3.87776 -3.87347
-4.07756 -4.08071
-3.68588 -3.69061
-3.70811 -3.70986
-3.93235 -3.92995
-3.59693 -3.59706
-3.63932 -3.6401
-3.66939 -3.66797
-3.69164 -3.69269
-4.01189 -4.0105
-4.06014 -4.06109
-3.69575 -3.69329
-3.68404 -3.68241
-3.96781 -3.96693
-3.66709 -3.66554
-4.09751 -4.1006
-3.98945 -3.98865
-3.65843 -3.65967
-3.63943 -3.63944
-3.68755 -3.68744
-3.98776 -3.98709
-3.66847 -3.66851
-4.13136 -4.12981
-3.90002 -3.89702
-4.13396 -4.1328
-4.11476 -4.11578
-4.00797 -4.00667
-3.94604 -3.94657
-4.01503 -4.02002
-4.02893 -4.02858
-4.02356 -4.01963
-3.87823 -3.87267
-4.13501 -4.13366
-3.66406 -3.66142
-3.70478 -3.71021
-3.67762 -3.67425
-4.11286 -4.11128
-4.09403 -4.09147
-3.8471 -3.8469
-4.07569 -4.07913
-3.98976 -3.98758
-4.07745 -4.07577
-3.67961 -3.67999
-4.07807 -4.08127
-3.64018 -3.63489
-3.668 -3.66755
-4.10914 -4.11191
-3.91585 -3.91642
-4.12268 -4.12621
-3.77774 -3.7765
-3.95753 -3.95898
-3.63652 -3.63667
-4.13483 -4.1336
-3.65126 -3.64857
-4.03376 -4.03789
-3.73962 -3.74688
-3.69967 -3.70202
-3.6349 -3.63337
-4.09661 -4.0954
-3.82202 -3.82092
-4.08935 -4.09283
-3.71362 -3.71415
-4.09302 -4.09066
-4.11915 -4.12119
-3.9975 -3.99776
-3.62793 -3.62661
-3.90879 -3.90415
-3.89666 -3.89397
-3.65191 -3.64962
-4.08332 -4.08108
-4.12711 -4.12609
-3.69636 -3.69635
-3.71879 -3.72492
-4.05571 -4.05289
-3.63407 -3.63267
-3.64702 -3.64332
-4.10297 -4.10553
-3.6642 -3.66199
-3.66639 -3.65856
-3.90916 -3.90924
-4.12245 -4.1244
-4.10197 -4.10564
-3.66616 -3.66346
-3.97158 -3.96936
-3.91639 -3.9147
-3.636 -3.6368
-3.99996 -4.00442
-4.11991 -4.12039
-3.96332 -3.95934
-3.93132 -3.92934
-3.82244 -3.81896
-4.06894 -4.06626
-3.97871 -3.97964
-3.66848 -3.67226
-3.69029 -3.69085
-3.6393 -3.63936
-3.72514 -3.72639
-4.0343 -4.03196
-4.04849 -4.04756
-3.95922 -3.95649
-4.03952 -4.04398
-3.96709 -3.96819
-4.08109 -4.08389
-4.10397 -4.10712
-3.65742 -3.65646
-3.68015 -3.6815
-4.00614 -4.00383
-3.68665 -3.6922
-4.01233 -4.01592
-3.89779 -3.89874
-3.73199 -3.73241
-3.62845 -3.62891
-3.99348 -3.99033
-3.65039 -3.64743
-3.63564 -3.63518
-3.68083 -3.68241
-4.00718 -4.01201
-3.70671 -3.70832
-4.11797 -4.12049
-4.05333 -4.05523
-4.06434 -4.06675
-3.69622 -3.69971
-4.00725 -4.005
-4.05542 -4.05239
-3.62105 -3.62175
-3.67267 -3.67714
-3.67562 -3.68177
-4.11291 -4.11175
-4.09996 -4.10336
-3.66888 -3.67512
-3.96853 -3.96621
-3.933 -3.93211
-4.10936 -4.1107
-3.96417 -3.96746
-4.03129 -4.02841
-3.87195 -3.86977
-4.07942 -4.07712
-3.68517 -3.68291
-4.05939 -4.05683
-4.04208 -4.04053
-4.10228 -4.10038
-3.69738 -3.70247
-3.632 -3.6282
-4.07744 -4.08132
-3.64035 -3.64669
-3.92409 -3.92262
-4.03178 -4.03387
-3.89892 -3.89932
-3.85246 -3.84952
-4.06346 -4.05992
-3.9549 -3.95287
-4.07143 -4.06806
-4.04435 -4.04224
-3.96323 -3.96211
-3.80536 -3.80334
-3.90445 -3.90644
-4.08283 -4.08014
-3.97603 -3.97393
-4.10588 -4.10837
-3.63714 -3.63796
-4.06199 -4.05961
-3.66126 -3.66273
-3.96612 -3.96325
-4.1096 -4.11249
-4.01239 -4.01071
-4.08823 -4.08989
-3.89704 -3.89633
-3.82783 -3.82252
-3.64581 -3.6434
-4.11663 -4.11543
-3.68313 -3.68613
-4.04919 -4.05162
-4.07228 -4.06979
-3.85112 -3.84961
-4.00808 -4.0034
-3.67163 -3.67972
-3.99886 -3.99154
-3.93723 -3.93657
-4.04168 -4.04494
-3.69235 -3.68812
-3.64387 -3.64943
-3.67133 -3.67269
-3.97548 -3.97393
-4.12897 -4.13028
-4.089 -4.0918
-3.98282 -3.98292
-4.04209 -4.04492
-3.64308 -3.64084
-3.91978 -3.91738
-4.00161 -3.99879
-4.00601 -4.0039
-4.0267 -4.02391
-3.90083 -3.89956
-3.67433 -3.67665
-3.66574 -3.66297
-4.09721 -4.09513
-3.65545 -3.65321
-3.66582 -3.66348
-3.81636 -3.81357
-4.04638 -4.04433
-3.98686 -3.98383
-4.10167 -4.1038
-3.87685 -3.87697
-4.04773 -4.05055
-4.11156 -4.11376
-4.0347 -4.03864
-3.67367 -3.67353
-4.08386 -4.08725
-4.09837 -4.10164
-3.75532 -3.75435
-3.63999 -3.64363
-4.05875 -4.06225
-3.95605 -3.95793
-4.14339 -4.14468
-4.11383 -4.11729
-3.64051 -3.63689
-3.67535 -3.67334
-3.67529 -3.67643
-4.10835 -4.10709
-4.08195 -4.08069
-3.66693 -3.66844
-4.07632 -4.08035
-3.73935 -3.73797
-3.84715 -3.84767
-3.96538 -3.9633
-3.65463 -3.65286
-3.69892 -3.6999
-3.88623 -3.88209
-4.00345 -4.0017
-4.11652 -4.1169
-3.69446 -3.69786
-3.69738 -3.70175
-4.00011 -4.00376
-3.62879 -3.63096
-4.01684 -4.01457
-3.8228 -3.82055
-3.88978 -3.88585
-3.68265 -3.6812
-4.12948 -4.13317
-4.07594 -4.07339
-3.94542 -3.94584
-4.03711 -4.03461
-3.96808 -3.96871
-3.78917 -3.78876
-3.96881 -3.96786
-3.90876 -3.90593
-4.04022 -4.03878
-3.95834 -3.95867
-4.01415 -4.01754
-4.04708 -4.04864
-4.00653 -4.00288
-3.98379 -3.98185
-3.99229 -3.99238
-3.67254 -3.66763
-3.90018 -3.90083
-4.06305 -4.06084
-3.6286 -3.63034
-3.87346 -3.86862
-4.02765 -4.0247
-4.11588 -4.11452
-3.66173 -3.66371
-4.02785 -4.02461
-3.9869 -3.98379
-3.9323 -3.93268
-3.66995 -3.66989
-4.06771 -4.06498
-4.09878 -4.09625
-4.09906 -4.09798
-3.76581 -3.76299
-3.71036 -3.7093
-4.03124 -4.03001
-4.03432 -4.03128
-3.99644 -3.99612
-3.79673 -3.7915
-4.08628 -4.08457
-4.09491 -4.09275
-4.04195 -4.03836
-3.92062 -3.9188
-4.0516 -4.05606
-3.64986 -3.65604
-3.71729 -3.72041
-3.94661 -3.94471
-3.99698 -3.99628
-3.97282 -3.97073
-3.97298 -3.96949
-3.90749 -3.90703
-3.78237 -3.78349
-3.91695 -3.91571
-3.66905 -3.66732
-3.96539 -3.96343
-4.13201 -4.1335
-4.01497 -4.01228
-3.65191 -3.65115
-4.05209 -4.05695
-3.92431 -3.92197
-4.03847 -4.03531
-3.65015 -3.65003
-4.00936 -4.00771
-3.66176 -3.65955
-3.63867 -3.63768
-3.90747 -3.90208
-3.85638 -3.85376
-3.90545 -3.90414
-3.95466 -3.95273
-3.9871 -3.98564
-4.12248 -4.12093
-3.66107 -3.66519
-3.68052 -3.68147
-4.04907 -4.05154
-3.66526 -3.66534
-3.6797 -3.68314
-3.96673 -3.9655
-3.90477 -3.90052
-3.89221 -3.88725
-4.02732 -4.02306
-4.11486 -4.11699
-4.06139 -4.06373
-3.68079 -3.68103
-3.869 -3.86352
-4.00027 -4.00102
-4.13095 -4.13005
-4.12153 -4.12438
-4.04856 -4.04552
-3.94499 -3.94375
-3.62559 -3.62264
-3.6222 -3.62387
-4.14025 -4.14125
-3.96111 -3.95536
-3.79222 -3.78919
-3.96679 -3.96459
-3.94888 -3.94884
-3.93964 -3.94136
-3.88775 -3.88279
-4.03098 -4.02925
-3.86892 -3.8691
-4.07172 -4.06848
-4.12874 -4.13166
-4.0882 -4.09106
-4.05542 -4.05257
-3.97585 -3.97515
-4.07615 -4.07365
-3.68408 -3.68368
-4.02634 -4.02911
-4.00683 -4.00758
-4.0099 -4.00842
-3.67023 -3.67655
-3.99492 -3.99816
-4.12398 -4.12271
-3.66264 -3.66083
-4.00131 -3.99885
-4.13564 -4.13797
-4.02263 -4.02447
-3.93373 -3.93171
-4.11315 -4.11549
-3.71819 -3.72524
-3.6487 -3.65119
-4.04168 -4.04401
-3.88592 -3.88596
-3.96135 -3.96208
-3.66657 -3.66948
-3.94165 -3.94165
-3.67309 -3.68149
-3.90013 -3.90097
-4.09015 -4.09326
-3.65538 -3.65961
-3.98157 -3.97852
-3.63127 -3.63074
-4.09288 -4.09648
-3.67418 -3.6717
-3.65082 -3.65045
-4.09506 -4.09753
-3.71098 -3.7088
-4.08401 -4.08248
-3.64699 -3.6481
-4.0925 -4.0906
-4.04359 -4.04679
-3.93207 -3.93069
-4.14227 -4.14358
-3.8718 -3.86744
-4.05239 -4.0501
-4.01728 -4.01752
-4.08395 -4.08359
-4.12671 -4.12515
-3.69541 -3.69056
-3.89535 -3.89449
-4.12754 -4.1265
-3.66846 -3.67181
-3.70584 -3.70187
-4.03971 -4.03544
-4.10904 -4.11196
-4.01908 -4.01646
-4.01379 -4.01623
-3.67404 -3.6747
-3.89749 -3.89709
-3.63338 -3.62985
-4.0588 -4.05491
-3.87994 -3.87696
-3.69864 -3.70161
-4.05251 -4.04875
-3.64201 -3.63821
-3.98612 -3.9845
-3.64497 -3.6413
-4.06825 -4.06775
-3.6686 -3.66969
-4.02272 -4.01873
-4.06204 -4.05942
-4.09697 -4.09603
-3.68055 -3.67909
-3.65225 -3.64878
-4.12421 -4.12299
-3.97924 -3.97933
-3.96832 -3.96369
-3.96506 -3.96632
-3.62896 -3.62844
-3.94736 -3.94339
-3.64134 -3.64268
-4.0635 -4.05967
-3.87509 -3.87419
-4.07182 -4.06761
-3.6444 -3.64982
-3.98504 -3.98157
-3.64516 -3.64772
-3.9757 -3.97579
-4.0122 -4.01467
-4.09323 -4.09632
-3.94392 -3.93994
-4.00203 -4.00148
-3.96351 -3.96226
-3.68131 -3.68325
-3.65638 -3.65276
-3.69564 -3.69689
-4.09713 -4.09505
-3.99012 -3.98976
-3.69378 -3.69188
-4.11812 -4.12088
-4.07961 -4.07719
-3.941 -3.93852
-3.67668 -3.67959
-4.11375 -4.11681
-4.12288 -4.12168
-4.00384 -4.00041
-4.07611 -4.07441
-3.65963 -3.65698
-4.06036 -4.06433
-4.01638 -4.01404
-4.02897 -4.02556
-3.92976 -3.9295
-3.97946 -3.97863
-4.1158 -4.11416
-4.08322 -4.0818
-3.94856 -3.94452
-3.98177 -3.9756
-4.09971 -4.10336
-4.10759 -4.11064
-4.00222 -3.99959
-4.10902 -4.11137
-3.95385 -3.95321
-4.07454 -4.07132
-3.6948 -3.70142
-4.00385 -4.0043
-4.05613 -4.06017
-3.9893 -3.98861
-3.6561 -3.65486
-4.00927 -4.00497
-4.01117 -4.01439
-3.68411 -3.68538
-4.07815 -4.07647
-4.10654 -4.10912
-4.12774 -4.12884
-4.00512 -4.00275
-3.99426 -3.99292
-3.71313 -3.71489
-4.07118 -4.0691
-4.03987 -4.03666
-3.89769 -3.8939
-4.0568 -4.05985
-4.03353 -4.03543
-4.10794 -4.1063
-3.69485 -3.69862
-3.9633 -3.96223
-3.91082 -3.9119
-4.04007 -4.03851
-3.64715 -3.64888
-3.99894 -3.99608
-3.9666 -3.96864
-4.09671 -4.09951
-4.08634 -4.0831
-3.65647 -3.65762
-4.06637 -4.06918
-3.6953 -3.6958
-4.05144 -4.05461
-3.65407 -3.65422
-4.06284 -4.06556
-4.06036 -4.05752
-4.12508 -4.12706
-3.95899 -3.95644
-3.65634 -3.65521
-3.79153 -3.7912
-3.67513 -3.67583
-4.13358 -4.13414
-3.94791 -3.94542
-4.00821 -4.00546
-3.94252 -3.94247
-4.11419 -4.11293
-3.97534 -3.97528
-3.99022 -3.98919
-3.67875 -3.68707
-4.06056 -4.06399
-4.11954 -4.1223
-3.96277 -3.96115
-4.09707 -4.09521
-4.0071 -4.0102
-4.05734 -4.05612
-3.66614 -3.66892
-3.94959 -3.94517
-3.94218 -3.94174
-4.12127 -4.12351
-3.95751 -3.95457
-3.68454 -3.68547
-3.99299 -3.99481
-3.67491 -3.67516
-4.0774 -4.08024
-4.12907 -4.12814
-3.69697 -3.70119
-4.02123 -4.02658
-3.92113 -3.91823
-4.07216 -4.07471
-3.90585 -3.90718
-4.06218 -4.06062
-3.98752 -3.99226
-3.95748 -3.95339
-3.94593 -3.94237
-3.65541 -3.65304
-4.08829 -4.09147
-4.12993 -4.12913
-3.74583 -3.7456
-4.10941 -4.11194
-4.1292 -4.13034
-3.68389 -3.68559
-4.04339 -4.04686
-3.64175 -3.64102
-4.10929 -4.11113
-4.05336 -4.05043
-4.04193 -4.0386
-3.96913 -3.96646
-4.06348 -4.05894
-4.07055 -4.06862
-3.94888 -3.94825
-3.77704 -3.77746
-3.65259 -3.64986
-3.92769 -3.92944
-4.11 -4.11231
-4.04826 -4.0452
-4.02057 -4.01768
-4.03004 -4.03332
-3.67399 -3.67507
-4.01933 -4.01634
-4.09919 -4.10269
-4.12554 -4.12671
-4.04993 -4.04851
-3.95563 -3.95555
-4.09031 -4.09071
-3.92736 -3.92583
-3.94845 -3.94592
-4.07121 -4.07527
-4.04432 -4.04747
-3.69137 -3.6897
-4.08673 -4.09003
-4.09861 -4.09719
-3.64476 -3.64453
-3.97147 -3.96902
-3.94738 -3.94837
-3.63066 -3.63342
-4.0032 -3.99907
-4.09501 -4.09783
-4.07732 -4.07437
-3.67344 -3.67495
-3.86288 -3.86156
-3.98375 -3.98316
-3.64731 -3.64425
-4.10131 -4.10413
-3.89518 -3.89269
-4.12318 -4.12495
-4.08784 -4.08826
-4.08189 -4.08495
-3.67751 -3.67841
-4.02796 -4.02913
-3.89299 -3.88879
-3.87665 -3.87664
-4.09086 -4.09438
-3.97625 -3.97341
-3.68938 -3.69301
-4.06642 -4.06494
-3.68602 -3.68449
-3.98318 -3.98592
-4.12282 -4.12441
-4.09423 -4.09735
-4.04747 -4.04368
-3.94471 -3.94305
-4.05022 -4.04805
-4.09241 -4.09526
-3.963 -3.96097
-3.80113 -3.80205
-4.00014 -3.99843
-4.01777 -4.01977
-4.09223 -4.0914
-4.08657 -4.08983
-3.90722 -3.91
-3.62551 -3.62221
-3.73011 -3.73129
-3.64886 -3.64599
-4.05824 -4.05786
-4.12247 -4.12409
-4.08629 -4.08687
-4.11492 -4.11356
-4.06472 -4.06231
-4.13242 -4.13109
-4.06198 -4.0567
-3.63109 -3.63322
-3.91451 -3.91492
-4.02928 -4.03445
-3.6543 -3.65071
-3.8358 -3.83328
-4.05868 -4.06199
-4.02916 -4.02543
-3.96479 -3.96297
-4.03417 -4.03966
-4.03469 -4.03188
-4.01532 -4.01144
-4.07614 -4.07331
-4.14439 -4.14536
-3.85661 -3.85397
-4.00345 -4.00763
-4.02373 -4.02125
-3.64742 -3.64398
-4.05042 -4.04757
-4.12004 -4.12241
-3.94271 -3.94156
-4.00618 -4.00569
-4.10279 -4.10119
-4.02441 -4.02188
-3.96683 -3.96448
-3.62527 -3.6222
-3.66235 -3.66029
-3.7229 -3.72475
-3.99836 -4.00291
-4.01897 -4.01568
-3.93794 -3.93786
-4.02942 -4.02663
-4.12176 -4.12376
-3.68376 -3.6818
-3.62106 -3.62112
-3.63879 -3.63856
-4.09874 -4.09979
-4.01932 -4.01732
-3.66246 -3.66504
-4.11366 -4.11155
-4.06168 -4.06516
-4.00621 -4.00856
-3.98025 -3.98198
-4.00277 -3.99892
-4.07355 -4.07692
-3.93763 -3.93554
-4.00104 -4.00091
-3.67614 -3.67745
-4.06736 -4.0687
-4.09393 -4.09479
-3.85586 -3.8533
-3.96113 -3.96001
-3.62316 -3.61683
-4.04524 -4.0437
-4.0716 -4.07467
-4.08388 -4.08205
-3.68981 -3.68796
-4.10507 -4.10338
-3.97174 -3.97373
-4.06366 -4.06715
-4.01571 -4.01322
-3.98974 -3.98823
-3.97131 -3.97481
-4.03058 -4.03504
-4.12942 -4.12803
-4.06516 -4.06964
-3.6887 -3.68973
-4.04616 -4.04374
-4.0272 -4.0268
-3.67305 -3.67815
-4.07231 -4.06976
-3.69198 -3.6928
-4.04308 -4.04633
-3.94003 -3.93755
-4.08703 -4.08565
-4.11332 -4.112
-4.06333 -4.06201
-3.98772 -3.989
-4.05931 -4.06287
-3.98534 -3.98528
-4.06477 -4.06786
-3.6306 -3.6307
-4.13474 -4.1375
-3.65877 -3.65623
-4.00245 -4.0035
-4.11415 -4.11737
-3.97426 -3.97329
-4.06571 -4.06426
-4.04707 -4.05109
-4.04308 -4.03989
-3.95159 -3.95178
-3.96414 -3.96477
-4.12049 -4.1192
-4.04131 -4.04472
-3.95834 -3.95978
-3.63932 -3.63711
-4.08727 -4.08486
-4.01439 -4.01779
-3.98551 -3.98479
-3.8972 -3.89819
-3.9665 -3.9648
-3.98175 -3.9808
-3.79962 -3.79404
-4.06256 -4.06044
-4.07397 -4.07175
-3.89662 -3.89546
-3.67418 -3.67179
-4.13097 -4.12989
-3.69065 -3.69047
-3.97019 -3.96782
-4.07478 -4.07252
-4.0675 -4.06393
-4.01512 -4.01138
-4.02646 -4.02828
-3.64491 -3.64337
-4.02417 -4.0276
-3.94444 -3.94369
-3.91994 -3.91596
-4.09583 -4.09376
-3.90674 -3.9092
-3.94972 -3.95153
-3.9879 -3.98449
-4.07897 -4.08266
-3.8446 -3.84411
-4.0027 -4.00005
-4.04017 -4.04233
-3.62738 -3.62237
-4.09065 -4.0898
-4.01298 -4.01161
-3.71962 -3.72404
-4.0601 -4.05733
-4.09287 -4.09169
-4.06753 -4.07142
-3.89632 -3.89413
-3.6577 -3.65564
-3.71114 -3.71736
-4.09431 -4.09287
-3.6525 -3.65442
-4.03392 -4.03258
-4.01556 -4.01476
-3.8264 -3.82251
-3.9875 -3.98364
-3.98784 -3.9851
-3.7981 -3.79837
-3.93552 -3.93761
-4.10867 -4.10733
-4.01012 -4.01454
-3.72451 -3.72381
-4.01507 -4.0155
-3.8599 -3.85743
-3.96287 -3.96048
-4.05495 -4.05599
-3.7709 -3.77322
-4.02712 -4.02578
-4.09791 -4.09636
-3.65085 -3.64999
-3.6908 -3.69214
-3.69727 -3.69967
-4.10389 -4.10693
-3.64346 -3.64492
-4.09195 -4.09612
-4.05969 -4.05698
-4.10764 -4.10611
-3.65786 -3.65876
-3.99949 -3.9968
-4.05461 -4.05263
-4.13946 -4.14207
-3.87758 -3.87678
-4.01372 -4.00955
-4.00076 -4.0016
-4.00393 -4.00092
-4.01626 -4.01911
-3.9893 -3.98831
-3.70195 -3.70453
-4.03833 -4.04265
-3.70665 -3.70575
-4.06677 -4.07102
-4.0329 -4.03618
-4.12026 -4.1224
-4.06018 -4.06297
-3.99798 -3.99297
-3.65876 -3.65682
-3.98043 -3.98148
-3.66917 -3.67134
-3.68785 -3.68845
-3.96401 -3.9629
-4.03666 -4.03881
-3.99428 -3.99043
-4.03667 -4.03417
-4.09219 -4.08986
-3.96522 -3.96901
-4.1288 -4.13046
-3.65227 -3.65533
-4.00425 -4.00651
-4.07953 -4.08197
-3.93905 -3.93671
-3.92993 -3.92964
-4.08157 -4.08536
-4.07406 -4.07113
-3.67256 -3.67254
-4.11828 -4.11959
-4.00591 -4.00363
-4.09574 -4.09426
-4.05641 -4.05895
-3.95496 -3.9507
-3.67432 -3.67335
-3.97852 -3.97656
-4.1319 -4.13271
-3.94292 -3.9436
-4.04854 -4.05129
-3.65788 -3.65601
-4.11904 -4.11754
-3.93266 -3.93351
-4.05042 -4.05335
-3.6801 -3.67427
-3.64394 -3.64355
-4.04077 -4.0432
-3.68101 -3.68274
-4.00267 -4.00576
-3.63952 -3.6369
-4.06819 -4.06657
-4.03226 -4.03618
-3.96535 -3.96727
-3.64593 -3.64733
-4.12002 -4.12204
-3.67756 -3.67779
-4.01784 -4.02025
-3.97434 -3.96987
-4.10336 -4.10188
-4.0037 -4.0022
-4.05221 -4.04839
-4.12568 -4.12689
-3.94219 -3.93905
-3.69353 -3.69486
-3.9536 -3.95388
-3.95423 -3.95212
-4.12934 -4.13082
-3.94271 -3.94033
-4.11326 -4.11543
-4.03789 -4.04181
-3.89128 -3.88894
-3.64697 -3.64296
-4.0452 -4.04236
-4.03268 -4.02991
-3.96675 -3.9655
-4.02614 -4.02334
-3.99565 -3.99279
-3.8982 -3.89686
-4.06626 -4.0642
-3.67113 -3.67413
-3.66902 -3.66971
-3.79128 -3.78896
-3.92312 -3.91644
-3.68899 -3.69049
-3.93604 -3.93697
-3.92159 -3.91806
-4.03247 -4.03793
-3.6447 -3.64554
-3.68454 -3.68319
-3.89052 -3.88858
-4.12546 -4.12724
-3.67173 -3.67091
-3.71643 -3.71934
-4.0328 -4.03015
-4.13261 -4.13015
-3.66012 -3.65649
-3.91172 -3.91298
-3.73949 -3.73956
-3.72789 -3.73314
-3.6917 -3.68998
-3.92128 -3.92042
-4.09969 -4.10385
-3.6898 -3.68507
-3.89488 -3.89575
-3.92967 -3.92713
-4.03078 -4.02903
-4.10418 -4.10278
-3.64847 -3.65095
-4.03837 -4.04243
-4.1175 -4.11583
-3.68042 -3.68666
-4.01569 -4.01624
-3.9888 -3.98621
-4.00475 -4.00675
-3.90066 -3.8976
-3.8892 -3.89071
-3.93646 -3.93826
-3.97928 -3.97592
-3.95745 -3.95587
-4.00118 -4.00172
-3.69422 -3.68933
-3.66478 -3.65863
-3.65531 -3.65109
-3.73806 -3.74714
-3.92946 -3.92742
-4.00037 -3.99446
-4.00536 -4.00828
-3.97994 -3.9799
-3.85335 -3.85173
-3.62676 -3.62062
-3.96703 -3.96584
-3.97187 -3.96932
-4.05637 -4.05414
-3.9798 -3.98264
-3.66741 -3.66498
-4.06762 -4.06525
-4.04778 -4.05176
-4.08191 -4.07875
-4.093 -4.0968
-3.64414 -3.6442
-4.03097 -4.03454
-4.12301 -4.1216
-3.68862 -3.68842
-4.12254 -4.1215
-4.11901 -4.11985
-3.6551 -3.65321
-4.1097 -4.11184
-4.00962 -4.00913
-3.66533 -3.66532
-3.94852 -3.94639
-4.00868 -4.00562
-3.91978 -3.91695
-3.99156 -3.98965
-4.10042 -4.10037
-4.13881 -4.13965
-3.67421 -3.67743
-4.09151 -4.08966
-3.88203 -3.87908
-3.9705 -3.97191
-4.02659 -4.03201
-3.95158 -3.95447
-3.91463 -3.90946
-3.91803 -3.91309
-3.6479 -3.65151
-3.88644 -3.88047
-4.00256 -4.00365
-4.01072 -4.0134
-4.07851 -4.08176
-3.98754 -3.9882
-4.02678 -4.03045
-4.07186 -4.07042
-4.04758 -4.04304
-3.62895 -3.62696
-3.65702 -3.65812
-3.65122 -3.65492
-4.07346 -4.0735
-3.70528 -3.70852
-3.64663 -3.65073
-3.99831 -3.99626
-4.06449 -4.06808
-3.97336 -3.97449
-3.62588 -3.62073
-4.09398 -4.09273
-3.94655 -3.94655
-4.13234 -4.13121
-3.89322 -3.89065
-3.94889 -3.94568
-4.05908 -4.05712
-3.67217 -3.67488
-3.74659 -3.74839
-3.96792 -3.96698
-3.65124 -3.6514
-3.63426 -3.62707
-4.0842 -4.08187
-4.03109 -4.02879
-4.06023 -4.06309
-4.06562 -4.06813
-3.65367 -3.65526
-3.63933 -3.63171
-4.03345 -4.03076
-4.08692 -4.08981
-3.68057 -3.67914
-4.06513 -4.06127
-3.69298 -3.68823
-4.09205 -4.09505
-3.96493 -3.96476
-4.08046 -4.08462
-4.02963 -4.02663
-4.03801 -4.03499
-3.95652 -3.9535
-3.68851 -3.68604
-3.68103 -3.68126
-4.14268 -4.14518
-3.64683 -3.63999
-3.66521 -3.66075
-4.10399 -4.10709
-3.97107 -3.96509
-3.6627 -3.66422
-3.67994 -3.68247
-3.7924 -3.7907
-3.70183 -3.70628
-4.03875 -4.03774
-3.85257 -3.85195
-3.73143 -3.73248
-4.07944 -4.07576
-3.83693 -3.83489
-4.10656 -4.10497
-4.1084 -4.10683
-4.1335 -4.13228
-3.84448 -3.84135
-4.05079 -4.04802
-3.92181 -3.91879
-3.93406 -3.93298
-3.63486 -3.63242
-3.68524 -3.68739
-3.67061 -3.67264
-4.03596 -4.04033
-3.93372 -3.92999
-4.02974 -4.03434
-4.03806 -4.03452
-4.01784 -4.01417
-3.98138 -3.98252
-3.6819 -3.67899
-3.68154 -3.683
-4.11522 -4.1183
-3.65227 -3.65179
-3.64633 -3.64545
-3.94327 -3.94234
-3.64129 -3.64963
-3.91782 -3.91748
-3.6488 -3.64454
-3.92395 -3.92383
-3.94294 -3.94244
-4.11675 -4.11561
-4.07765 -4.08135
-4.04882 -4.04547
-4.09936 -4.10241
-4.04248 -4.0401
-3.9697 -3.96933
-4.13614 -4.13687
-4.081 -4.08418
-3.68331 -3.68498
-3.65736 -3.6617
-3.91981 -3.91782
-4.03269 -4.03706
-3.96565 -3.96643
-3.90274 -3.89953
-4.07974 -4.08052
-3.64835 -3.64616
-4.02738 -4.0242
-3.66684 -3.66875
-3.9308 -3.92884
-4.01042 -4.01462
-3.66616 -3.67274
-4.06689 -4.06478
-3.98679 -3.98501
-4.0837 -4.08645
-4.0073 -4.00338
-3.646 -3.64423
-4.12918 -4.13076
-3.97248 -3.96914
-3.64157 -3.64301
-3.63891 -3.64182
-4.10799 -4.10622
-4.10174 -4.09935
-3.94199 -3.93762
-3.91834 -3.91821
-3.71066 -3.70879
-4.09045 -4.08913
-3.66426 -3.66216
-3.9764 -3.97489
-3.63053 -3.63197
-3.68055 -3.68074
-4.03504 -4.03562
-3.69081 -3.68968
-3.66529 -3.66365
-3.62549 -3.62906
-4.12551 -4.12783
-3.91396 -3.90897
-4.06528 -4.0656
-4.04165 -4.03908
-3.95715 -3.95897
-4.12469 -4.12657
-3.9795 -3.97742
-4.10667 -4.10969
-4.01507 -4.01678
-4.13089 -4.12949
-3.67753 -3.67559
-3.9458 -3.94399
-3.65921 -3.65786
-4.06975 -4.06578
-3.98728 -3.98548
-4.05182 -4.05573
-4.04974 -4.04812
-3.77958 -3.77866
-4.09007 -4.09332
-3.65552 -3.65541
-3.97998 -3.9755
-4.13043 -4.13076
-3.94246 -3.94307
-3.97179 -3.97297
-4.00761 -4.00509
-4.08548 -4.08866
-3.98827 -3.98398
-4.06749 -4.06658
-3.73919 -3.74131
-3.69444 -3.69375
-4.0636 -4.06318
-3.99465 -3.99381
-4.08966 -4.08734
-4.07131 -4.06969
-4.03756 -4.03551
-3.80623 -3.80567
-3.71427 -3.71601
-3.70248 -3.69758
-4.0038 -4.00536
-3.68577 -3.6862
-4.09557 -4.09885
-3.73141 -3.73431
-3.8819 -3.87717
-3.66111 -3.66134
-4.04212 -4.04669
-3.87355 -3.87203
-4.02019 -4.01913
-3.97527 -3.97478
-3.65108 -3.65032
-4.13946 -4.14158
-4.04877 -4.05242
-3.6254 -3.62821
-3.97542 -3.97841
-3.7325 -3.73294
-4.07866 -4.08162
-3.68697 -3.68377
-3.66028 -3.65913
-3.63935 -3.64145
-3.89962 -3.89801
-3.9609 -3.964
-3.94622 -3.94529
-4.02237 -4.01994
-3.66869 -3.66225
-4.10376 -4.10246
-3.62616 -3.62519
-3.96849 -3.97126
-3.63896 -3.63861
-4.09143 -4.09449
-4.07677 -4.0748
-3.89618 -3.89112
-4.1103 -4.11268
-3.66901 -3.66688
-4.07114 -4.06909
-4.10872 -4.11163
-3.94069 -3.94204
-3.89731 -3.90159
-3.67976 -3.68296
-3.91732 -3.91733
-3.70013 -3.70338
-3.6654 -3.66715
-3.97834 -3.97697
-4.0507 -4.04702
-4.01091 -4.00895
-3.63117 -3.633
-3.9658 -3.965
-4.03076 -4.03293
-3.89552 -3.89371
-3.65765 -3.65501
-3.68647 -3.6886
-4.05523 -4.05757
-4.04898 -4.05123
-3.96593 -3.96778
-3.96243 -3.96353
-3.9971 -3.99664
-3.92403 -3.92358
-4.1359 -4.13643
-3.98413 -3.98025
-3.70633 -3.7103
-3.65379 -3.65331
-4.08384 -4.08878
-3.96929 -3.96854
-4.05309 -4.05026
-3.66107 -3.66038
-4.107 -4.10545
-3.96606 -3.96472
-4.09432 -4.09358
-3.91788 -3.92105
-3.92224 -3.92932
-3.97688 -3.97994
-3.66535 -3.66453
-3.7321 -3.73575
-3.86633 -3.86538
-4.11577 -4.11669
-4.07875 -4.07846
-4.09058 -4.09354
-4.06003 -4.06355
-3.68957 -3.69241
-4.04346 -4.04831
-3.93329 -3.93104
-3.67261 -3.67881
-3.65898 -3.65774
-3.91188 -3.91116
-4.08043 -4.07725
-4.09589 -4.09922
-4.00222 -3.99995
-4.07651 -4.07669
-3.93998 -3.93815
-3.64293 -3.64292
-3.80032 -3.79693
-4.10871 -4.11213
-3.63774 -3.63967
-3.97387 -3.97319
-3.66941 -3.66884
-3.9744 -3.97437
-4.04392 -4.04318
-3.81135 -3.81337
-3.95363 -3.95368
-3.66998 -3.67195
-3.97931 -3.98253
-3.86143 -3.86055
-4.09476 -4.09802
-4.13232 -4.131
-3.69949 -3.70483
-4.10782 -4.107
-4.10111 -4.1033
-3.67254 -3.66967
-3.98149 -3.98252
-3.63287 -3.63365
-3.70477 -3.70558
-4.02935 -4.03429
-4.0474 -4.04558
-4.07112 -4.06969
-3.88971 -3.88579
-3.68881 -3.68596
-4.12533 -4.12724
-3.93664 -3.93082
-3.68799 -3.6881
-3.99832 -4.00132
-4.05497 -4.05255
-4.06092 -4.06114
-3.66328 -3.65665
-3.89993 -3.89702
-4.03272 -4.03689
-3.67359 -3.67333
-3.65443 -3.65382
-3.61693 -3.61517
-3.65484 -3.65462
-3.67476 -3.67136
-4.1337 -4.13529
-3.97154 -3.97019
-3.9967 -3.99306
-3.90485 -3.90229
-4.02886 -4.02501
-4.02544 -4.0243
-3.93725 -3.93668
-3.95243 -3.95122
-3.61006 -3.60916
-4.09511 -4.09568
-4.12229 -4.12117
-4.09986 -4.10321
-4.06278 -4.06376
-3.9135 -3.90919
-3.70137 -3.70197
-3.9781 -3.97718
-3.65935 -3.65942
-3.8581 -3.85892
-4.13072 -4.13358
-4.09509 -4.09557
-3.6561 -3.65877
-4.05586 -4.05527
-3.64659 -3.64441
-3.67221 -3.66851
-3.95392 -3.95118
-4.13982 -4.14081
-4.13832 -4.13948
-3.69831 -3.69503
-4.0076 -4.00579
-3.69002 -3.68938
-4.04021 -4.0442
-3.93057 -3.93137
-4.05579 -4.05903
-3.94813 -3.94349
-4.06259 -4.06644
-4.06993 -4.06835
-3.90123 -3.90005
-3.95866 -3.9553
-4.08723 -4.08914
-4.02081 -4.02356
-4.14046 -4.14192
-3.69002 -3.69141
-3.99926 -3.9983
-4.01961 -4.02185
-4.0129 -4.01711
-4.03125 -4.02954
-3.62963 -3.62897
-3.68105 -3.68326
-3.65971 -3.66302
-4.1239 -4.12257
-3.67821 -3.68428
-4.04787 -4.05208
-3.91696 -3.91526
-3.93463 -3.92859
-3.93087 -3.93057
-4.04969 -4.05252
-3.96146 -3.96063
-3.96253 -3.96208
-4.10352 -4.10724
-4.04749 -4.04573
-4.07421 -4.072
-3.63258 -3.62712
-4.00338 -4.00069
-4.09997 -4.10228
-4.03393 -4.03806
-4.09508 -4.09752
-3.96932 -3.9676
-3.96594 -3.96595
-3.89203 -3.8902
-4.06584 -4.06421
-3.65224 -3.65031
-3.98191 -3.98297
-3.9689 -3.96372
-3.96331 -3.96338
-3.79499 -3.79003
-3.87662 -3.87167
-3.68373 -3.68636
-4.11763 -4.11637
-4.00364 -4.00759
-3.98177 -3.9787
-3.71322 -3.71451
-4.079 -4.08214
-4.04228 -4.04602
-3.90326 -3.90085
-3.64939 -3.64822
-3.66238 -3.66518
-4.04927 -4.04565
-3.9308 -3.9327
-3.66029 -3.66568
-4.00789 -4.01177
-4.08941 -4.09254
-3.92978 -3.92953
-4.1091 -4.1116
-4.02802 -4.03158
-4.05162 -4.04964
-4.02931 -4.03343
-4.06114 -4.06156
-4.08193 -4.08004
-4.06396 -4.05989
-3.9826 -3.98109
-3.80912 -3.81186
-4.09736 -4.09614
-3.64391 -3.64009
-3.64025 -3.63943
-4.06723 -4.07032
-4.05108 -4.05401
-3.64604 -3.64498
-4.08232 -4.08592
-4.01241 -4.01242
-3.9581 -3.95905
-4.02176 -4.0176
-4.00865 -4.00853
-3.67372 -3.67732
-3.68267 -3.68018
-3.65356 -3.6528
-4.12303 -4.12472
-3.93213 -3.92857
-4.06273 -4.06592
-3.89849 -3.89944
-4.13008 -4.12865
-3.92976 -3.92925
-3.62601 -3.62585
-3.66895 -3.67482
-3.98325 -3.98547
-4.09216 -4.09071
-3.65879 -3.65742
-3.93869 -3.93654
-3.91491 -3.91313
-3.65826 -3.65513
-3.68411 -3.68293
-3.90924 -3.91027
-4.04846 -4.04496
-3.69173 -3.69501
-3.97584 -3.97411
-3.64497 -3.64834
-3.99807 -3.99955
-3.97724 -3.97709
-3.96968 -3.97011
-4.10119 -4.10401
-3.96901 -3.96681
-4.01598 -4.01709
-3.96193 -3.95804
-3.9576 -3.95551
-4.05201 -4.0558
-4.11468 -4.11396
-4.07193 -4.07625
-4.09978 -4.09773
-3.88273 -3.88405
-3.66621 -3.66859
-4.04425 -4.04172
-3.66947 -3.6766
-4.04846 -4.05353
-3.64318 -3.64099
-3.64427 -3.64097
-3.68914 -3.69202
-3.68374 -3.67963
-4.04196 -4.04566
-4.03789 -4.04293
-3.6813 -3.68513
-3.96915 -3.96601
-4.01372 -4.00962
-4.03828 -4.04224
-4.05211 -4.05592
-4.10731 -4.1099
-3.70334 -3.70316
-3.98646 -3.98622
-3.97267 -3.97376
-4.02986 -4.02837
-3.67994 -3.68194
-3.95017 -3.951
-4.01267 -4.01914
-3.97553 -3.97524
-4.03139 -4.03688
-3.90774 -3.90956
-3.99018 -3.98669
-4.11507 -4.11741
-3.99865 -3.9957
-4.00419 -4.00504
-3.98057 -3.97998
-3.97691 -3.97552
-3.66121 -3.65788
-3.66223 -3.66241
-3.98736 -3.9927
-4.00513 -4.00242
-4.03447 -4.03018
-4.0654 -4.0702
-4.11982 -4.11823
-4.00778 -4.00424
-4.12165 -4.12252
-3.65119 -3.65357
-4.06931 -4.06775
-3.96782 -3.96674
-3.97049 -3.96911
-4.09046 -4.08771
-4.06607 -4.0691
-3.91618 -3.91509
-4.04693 -4.04456
-3.96132 -3.95835
-3.67489 -3.6805
-3.70182 -3.70697
-3.8715 -3.86858
-3.96644 -3.96152
-3.8606 -3.85888
-3.98137 -3.97934
-4.0082 -4.01068
-3.77871 -3.77897
-3.99015 -3.9894
-3.67216 -3.67085
-3.97622 -3.97267
-4.01234 -4.01554
-3.64855 -3.65485
-3.99012 -3.98738
-4.11568 -4.11779
-4.09317 -4.09092
-3.94576 -3.94306
-4.12274 -4.12505
-4.08824 -4.08885
-4.02444 -4.02188
-3.95772 -3.96113
-3.68744 -3.68233
-3.80716 -3.80514
-4.1176 -4.12089
-3.91193 -3.90889
-3.91685 -3.9169
-4.01596 -4.01907
-4.05582 -4.06002
-3.99253 -3.99398
-4.01728 -4.01918
-4.01316 -4.01456
-3.98832 -3.98448
-4.11201 -4.11458
-3.68658 -3.69252
-4.1246 -4.12777
-4.0354 -4.03739
-4.07399 -4.07616
-4.01388 -4.01018
-4.06388 -4.06805
-3.69134 -3.69392
-3.91814 -3.91797
-4.07762 -4.0738
-3.65838 -3.65916
-4.0234 -4.02652
-3.90924 -3.90575
-4.07598 -4.079
-4.07544 -4.0787
-4.03798 -4.0353
-4.05401 -4.04939
-3.66328 -3.65775
-3.99963 -4.0039
-4.06201 -4.05946
-4.09309 -4.09628
-4.00784 -4.00555
-3.64929 -3.65266
-4.10024 -4.10162
-4.00754 -4.0104
-3.68525 -3.68733
-4.10761 -4.10966
-4.10799 -4.10655
-3.65716 -3.66024
-4.08312 -4.08149
-3.98911 -3.98919
-3.92729 -3.92868
-4.03802 -4.04093
-3.7952 -3.79773
-4.13566 -4.13663
-4.08517 -4.08817
-3.64626 -3.64664
-4.03099 -4.03522
-3.68675 -3.68911
-4.13023 -4.12904
-3.79095 -3.78883
-3.94999 -3.94851
-3.67264 -3.67522
-3.70439 -3.70842
-4.11038 -4.11308
-4.00077 -3.99884
-3.96955 -3.96691
-3.97878 -3.9753
-3.6692 -3.6742
-3.66918 -3.67366
-3.69199 -3.69109
-3.94843 -3.94541
-4.06018 -4.05875
-4.07408 -4.07789
-3.95639 -3.95319
-3.92843 -3.92729
-4.03265 -4.02922
-3.9907 -3.99078
-4.06736 -4.06428
-3.97124 -3.97182
-4.06348 -4.06653
-4.06483 -4.06923
-4.09377 -4.09356
-4.00658 -4.01324
-4.01145 -4.01523
-3.68625 -3.6816
-4.07064 -4.06786
-3.98799 -3.98686
-3.9267 -3.92249
-3.67925 -3.67916
-4.13102 -4.12996
-4.0377 -4.03625
-4.13337 -4.13617
-3.96973 -3.96784
-3.995 -3.99528
-3.92706 -3.92726
-4.0858 -4.08974
-4.04557 -4.04892
-3.97695 -3.978
-3.69677 -3.6974
-4.06478 -4.061
-3.98719 -3.9845
-4.00982 -4.01277
-4.02564 -4.02341
-3.94977 -3.94875
-4.06191 -4.061
-3.95676 -3.95531
-3.78056 -3.77785
-3.91611 -3.9139
-4.11126 -4.11424
-3.6794 -3.67553
-3.67462 -3.68295
-3.98812 -3.98516
-4.12674 -4.12954
-3.88736 -3.88857
-3.66093 -3.66322
-4.032 -4.02903
-3.68239 -3.68011
-4.0313 -4.0343
-3.64002 -3.64408
-3.9824 -3.98185
-3.98127 -3.98141
-3.67363 -3.67465
-3.6495 -3.64538
-3.90667 -3.90584
-4.0598 -4.06295
-4.06535 -4.07046
-3.93852 -3.93877
-3.63991 -3.6416
-3.67926 -3.68107
-4.01733 -4.01373
-4.13074 -4.13196
-3.64256 -3.64242
-4.02848 -4.02723
-3.6841 -3.68296
-4.123 -4.12194
-4.06905 -4.06778
-3.75497 -3.75571
-3.65905 -3.65793
-4.04469 -4.04131
-3.66367 -3.66097
-4.09162 -4.09417
-3.98685 -3.9872
-4.11253 -4.11494
-3.71685 -3.7219
-4.01693 -4.01981
-4.12276 -4.12546
-3.66884 -3.67395
-4.13041 -4.1294
-3.84427 -3.84347
-3.94572 -3.94262
-4.00863 -4.00849
-4.13058 -4.1285
-4.10304 -4.10689
-3.8578 -3.85563
-4.13787 -4.13854
-3.67451 -3.67204
-4.04775 -4.05106
-4.11504 -4.11741
-3.69922 -3.70284
-4.08546 -4.08958
-3.96222 -3.96333
-4.04569 -4.0474
-4.07499 -4.07165
-4.12221 -4.1209
-3.96825 -3.96656
-4.11543 -4.11404
-3.89756 -3.89494
-3.6262 -3.62451
-4.05572 -4.05243
-3.98903 -3.98786
-3.94594 -3.94546
-3.91768 -3.91513
-4.01516 -4.0133
-3.96297 -3.96179
-3.88505 -3.88355
-3.97043 -3.96934
-3.97332 -3.97181
-3.85885 -3.854
-3.92954 -3.93063
-3.91423 -3.91021
-3.68202 -3.68198
-4.01319 -4.01673
-3.68941 -3.68784
-3.67451 -3.67776
-3.63399 -3.63301
-4.02501 -4.02761
-3.68368 -3.68287
-4.09871 -4.1016
-3.67841 -3.68056
-3.94295 -3.94227
-4.07035 -4.07477
-3.96219 -3.9583
-3.96654 -3.96747
-3.98009 -3.97927
-4.02213 -4.02144
-3.72264 -3.7256
-4.03936 -4.03503
-3.80736 -3.8034
-4.12005 -4.12222
-4.01703 -4.01492
-4.02631 -4.0283
-4.05215 -4.05618
-4.09184 -4.09476
-4.00251 -4.00041
-3.97771 -3.97925
-3.99052 -3.99072
-3.98159 -3.98001
